0.000e+000  -8.350e+001 -8.24e+001 0.000e+000 4.002e-002 6.841e-001 2.308e-001 2.706e-001 1.103e-001 4.441e-002 6.506e-001 1.198e-001 -1.908e-003 -1.373e-002 4.910e-004 4.215e-002 0.000e+000 2.404e-001
6.000e-003  -8.271e+001 -8.24e+001 -1.609e-001 4.019e-002 6.840e-001 2.312e-001 2.708e-001 1.103e-001 4.441e-002 6.506e-001 1.198e-001 -1.905e-003 -1.367e-002 5.088e-004 4.367e-002 0.000e+000 2.404e-001
1.200e-002  -8.004e+001 -8.24e+001 -3.218e-001 4.140e-002 6.837e-001 2.336e-001 2.715e-001 1.103e-001 4.441e-002 6.506e-001 1.198e-001 -1.980e-003 -1.371e-002 5.728e-004 4.880e-002 0.000e+000 2.404e-001
1.800e-002  -7.615e+001 -8.24e+001 -4.828e-001 4.464e-002 6.829e-001 2.400e-001 2.734e-001 1.103e-001 4.441e-002 6.506e-001 1.198e-001 -2.296e-003 -1.422e-002 6.748e-004 5.629e-002 0.000e+000 2.405e-001
2.400e-002  -7.146e+001 -8.24e+001 -6.437e-001 5.112e-002 6.813e-001 2.525e-001 2.765e-001 1.104e-001 4.442e-002 6.506e-001 1.198e-001 -3.128e-003 -1.563e-002 8.144e-004 6.533e-002 0.000e+000 2.405e-001
3.000e-002  -6.622e+001 -8.24e+001 -8.046e-001 6.265e-002 6.787e-001 2.737e-001 2.811e-001 1.104e-001 4.443e-002 6.506e-001 1.198e-001 -5.166e-003 -1.859e-002 9.969e-004 7.544e-002 0.000e+000 2.406e-001
3.600e-002  -6.059e+001 -8.24e+001 -9.655e-001 8.194e-002 6.747e-001 3.068e-001 2.871e-001 1.105e-001 4.444e-002 6.506e-001 1.198e-001 -1.037e-002 -2.430e-002 1.233e-003 8.635e-002 0.000e+000 2.407e-001
4.200e-002  -5.458e+001 -8.24e+001 -1.126e+000 1.131e-001 6.685e-001 3.555e-001 2.946e-001 1.107e-001 4.445e-002 6.506e-001 1.198e-001 -2.460e-002 -3.498e-002 1.541e-003 9.803e-002 0.000e+000 2.409e-001
4.800e-002  -4.806e+001 -8.23e+001 -1.287e+000 1.623e-001 6.591e-001 4.234e-001 3.035e-001 1.109e-001 4.447e-002 6.506e-001 1.198e-001 -6.587e-002 -5.471e-002 1.948e-003 1.108e-001 0.000e+000 2.410e-001
5.400e-002  -5.355e+001 -8.23e+001 0.000e+000 2.081e-001 6.495e-001 4.851e-001 3.124e-001 1.110e-001 4.450e-002 6.506e-001 1.198e-001 -1.800e-001 -9.417e-002 1.994e-003 1.003e-001 0.000e+000 2.411e-001
6.000e-002  -6.009e+001 -8.23e+001 0.000e+000 2.214e-001 6.442e-001 5.124e-001 3.192e-001 1.112e-001 4.452e-002 6.505e-001 1.198e-001 -2.502e-001 -1.225e-001 1.912e-003 8.780e-002 0.000e+000 2.412e-001
6.600e-002  -6.333e+001 -8.23e+001 0.000e+000 2.244e-001 6.404e-001 5.276e-001 3.247e-001 1.113e-001 4.455e-002 6.505e-001 1.198e-001 -2.738e-001 -1.394e-001 1.911e-003 8.161e-002 0.000e+000 2.413e-001
7.200e-002  -6.503e+001 -8.23e+001 0.000e+000 2.232e-001 6.372e-001 5.374e-001 3.297e-001 1.113e-001 4.458e-002 6.505e-001 1.198e-001 -2.752e-001 -1.505e-001 1.953e-003 7.836e-002 0.000e+000 2.413e-001
7.800e-002  -6.605e+001 -8.23e+001 0.000e+000 2.202e-001 6.343e-001 5.444e-001 3.342e-001 1.114e-001 4.460e-002 6.505e-001 1.198e-001 -2.666e-001 -1.583e-001 2.015e-003 7.646e-002 0.000e+000 2.414e-001
8.400e-002  -6.675e+001 -8.23e+001 0.000e+000 2.162e-001 6.317e-001 5.495e-001 3.385e-001 1.115e-001 4.463e-002 6.505e-001 1.198e-001 -2.536e-001 -1.641e-001 2.085e-003 7.514e-002 0.000e+000 2.415e-001
9.000e-002  -6.731e+001 -8.23e+001 0.000e+000 2.118e-001 6.292e-001 5.532e-001 3.426e-001 1.116e-001 4.466e-002 6.505e-001 1.198e-001 -2.388e-001 -1.685e-001 2.157e-003 7.409e-002 0.000e+000 2.415e-001
9.600e-002  -6.783e+001 -8.23e+001 0.000e+000 2.070e-001 6.268e-001 5.559e-001 3.465e-001 1.116e-001 4.468e-002 6.505e-001 1.198e-001 -2.234e-001 -1.719e-001 2.228e-003 7.314e-002 0.000e+000 2.416e-001
1.020e-001  -6.833e+001 -8.23e+001 0.000e+000 2.020e-001 6.245e-001 5.576e-001 3.502e-001 1.117e-001 4.471e-002 6.505e-001 1.198e-001 -2.080e-001 -1.744e-001 2.296e-003 7.221e-002 0.000e+000 2.417e-001
1.080e-001  -6.883e+001 -8.23e+001 0.000e+000 1.969e-001 6.224e-001 5.584e-001 3.537e-001 1.118e-001 4.473e-002 6.504e-001 1.198e-001 -1.927e-001 -1.760e-001 2.360e-003 7.128e-002 0.000e+000 2.417e-001
1.140e-001  -6.933e+001 -8.23e+001 0.000e+000 1.916e-001 6.204e-001 5.583e-001 3.571e-001 1.118e-001 4.476e-002 6.504e-001 1.198e-001 -1.779e-001 -1.769e-001 2.419e-003 7.033e-002 0.000e+000 2.418e-001
1.200e-001  -6.985e+001 -8.23e+001 0.000e+000 1.862e-001 6.185e-001 5.575e-001 3.602e-001 1.119e-001 4.478e-002 6.504e-001 1.198e-001 -1.636e-001 -1.770e-001 2.472e-003 6.936e-002 0.000e+000 2.418e-001
1.260e-001  -7.038e+001 -8.23e+001 0.000e+000 1.807e-001 6.167e-001 5.560e-001 3.632e-001 1.119e-001 4.481e-002 6.504e-001 1.198e-001 -1.498e-001 -1.764e-001 2.519e-003 6.837e-002 0.000e+000 2.419e-001
1.320e-001  -7.091e+001 -8.22e+001 0.000e+000 1.751e-001 6.150e-001 5.538e-001 3.660e-001 1.120e-001 4.483e-002 6.504e-001 1.198e-001 -1.367e-001 -1.751e-001 2.560e-003 6.737e-002 0.000e+000 2.419e-001
1.380e-001  -7.144e+001 -8.22e+001 0.000e+000 1.695e-001 6.135e-001 5.509e-001 3.687e-001 1.121e-001 4.486e-002 6.503e-001 1.198e-001 -1.243e-001 -1.733e-001 2.595e-003 6.636e-002 0.000e+000 2.420e-001
1.440e-001  -7.198e+001 -8.22e+001 0.000e+000 1.639e-001 6.120e-001 5.475e-001 3.711e-001 1.121e-001 4.488e-002 6.503e-001 1.198e-001 -1.126e-001 -1.709e-001 2.625e-003 6.534e-002 0.000e+000 2.420e-001
1.500e-001  -7.251e+001 -8.22e+001 0.000e+000 1.583e-001 6.107e-001 5.435e-001 3.734e-001 1.121e-001 4.490e-002 6.503e-001 1.198e-001 -1.017e-001 -1.680e-001 2.648e-003 6.432e-002 0.000e+000 2.421e-001
1.560e-001  -7.304e+001 -8.22e+001 0.000e+000 1.527e-001 6.094e-001 5.391e-001 3.754e-001 1.122e-001 4.492e-002 6.503e-001 1.198e-001 -9.150e-002 -1.646e-001 2.666e-003 6.331e-002 0.000e+000 2.421e-001
1.620e-001  -7.356e+001 -8.22e+001 0.000e+000 1.472e-001 6.082e-001 5.342e-001 3.774e-001 1.122e-001 4.494e-002 6.503e-001 1.198e-001 -8.212e-002 -1.609e-001 2.679e-003 6.232e-002 0.000e+000 2.422e-001
1.680e-001  -7.407e+001 -8.22e+001 0.000e+000 1.417e-001 6.072e-001 5.289e-001 3.791e-001 1.123e-001 4.496e-002 6.502e-001 1.198e-001 -7.351e-002 -1.568e-001 2.687e-003 6.134e-002 0.000e+000 2.422e-001
1.740e-001  -7.457e+001 -8.22e+001 0.000e+000 1.364e-001 6.062e-001 5.232e-001 3.807e-001 1.123e-001 4.498e-002 6.502e-001 1.198e-001 -6.567e-002 -1.525e-001 2.690e-003 6.039e-002 0.000e+000 2.422e-001
1.800e-001  -7.505e+001 -8.22e+001 0.000e+000 1.312e-001 6.053e-001 5.173e-001 3.821e-001 1.123e-001 4.500e-002 6.502e-001 1.198e-001 -5.855e-002 -1.479e-001 2.689e-003 5.947e-002 0.000e+000 2.423e-001
1.860e-001  -7.552e+001 -8.22e+001 0.000e+000 1.261e-001 6.044e-001 5.111e-001 3.834e-001 1.124e-001 4.502e-002 6.502e-001 1.198e-001 -5.213e-002 -1.432e-001 2.685e-003 5.857e-002 0.000e+000 2.423e-001
1.920e-001  -7.596e+001 -8.22e+001 0.000e+000 1.212e-001 6.037e-001 5.046e-001 3.845e-001 1.124e-001 4.504e-002 6.502e-001 1.198e-001 -4.637e-002 -1.383e-001 2.677e-003 5.772e-002 0.000e+000 2.423e-001
1.980e-001  -7.639e+001 -8.22e+001 0.000e+000 1.165e-001 6.030e-001 4.980e-001 3.855e-001 1.124e-001 4.505e-002 6.501e-001 1.198e-001 -4.122e-002 -1.334e-001 2.667e-003 5.689e-002 0.000e+000 2.424e-001
2.040e-001  -7.680e+001 -8.22e+001 0.000e+000 1.119e-001 6.024e-001 4.913e-001 3.863e-001 1.125e-001 4.507e-002 6.501e-001 1.198e-001 -3.663e-002 -1.285e-001 2.653e-003 5.611e-002 0.000e+000 2.424e-001
2.100e-001  -7.719e+001 -8.22e+001 0.000e+000 1.076e-001 6.018e-001 4.844e-001 3.870e-001 1.125e-001 4.508e-002 6.501e-001 1.198e-001 -3.256e-002 -1.235e-001 2.638e-003 5.536e-002 0.000e+000 2.424e-001
2.160e-001  -7.755e+001 -8.22e+001 0.000e+000 1.034e-001 6.013e-001 4.775e-001 3.876e-001 1.125e-001 4.510e-002 6.501e-001 1.198e-001 -2.896e-002 -1.186e-001 2.621e-003 5.465e-002 0.000e+000 2.424e-001
2.220e-001  -7.790e+001 -8.22e+001 0.000e+000 9.943e-002 6.009e-001 4.705e-001 3.881e-001 1.125e-001 4.511e-002 6.500e-001 1.198e-001 -2.579e-002 -1.138e-001 2.602e-003 5.397e-002 0.000e+000 2.425e-001
2.280e-001  -7.823e+001 -8.22e+001 0.000e+000 9.566e-002 6.005e-001 4.636e-001 3.885e-001 1.125e-001 4.513e-002 6.500e-001 1.198e-001 -2.299e-002 -1.091e-001 2.582e-003 5.334e-002 0.000e+000 2.425e-001
2.340e-001  -7.854e+001 -8.22e+001 0.000e+000 9.210e-002 6.002e-001 4.566e-001 3.887e-001 1.126e-001 4.514e-002 6.500e-001 1.198e-001 -2.053e-002 -1.045e-001 2.560e-003 5.274e-002 0.000e+000 2.425e-001
2.400e-001  -7.884e+001 -8.22e+001 0.000e+000 8.872e-002 5.999e-001 4.497e-001 3.889e-001 1.126e-001 4.515e-002 6.500e-001 1.198e-001 -1.837e-002 -1.000e-001 2.538e-003 5.217e-002 0.000e+000 2.425e-001
2.460e-001  -7.911e+001 -8.22e+001 0.000e+000 8.554e-002 5.996e-001 4.428e-001 3.890e-001 1.126e-001 4.516e-002 6.499e-001 1.198e-001 -1.647e-002 -9.566e-002 2.515e-003 5.164e-002 0.000e+000 2.425e-001
2.520e-001  -7.937e+001 -8.22e+001 0.000e+000 8.255e-002 5.994e-001 4.360e-001 3.890e-001 1.126e-001 4.517e-002 6.499e-001 1.198e-001 -1.481e-002 -9.148e-002 2.491e-003 5.114e-002 0.000e+000 2.425e-001
2.580e-001  -7.962e+001 -8.22e+001 0.000e+000 7.973e-002 5.992e-001 4.293e-001 3.890e-001 1.126e-001 4.518e-002 6.499e-001 1.198e-001 -1.335e-002 -8.746e-002 2.466e-003 5.066e-002 0.000e+000 2.426e-001
2.640e-001  -7.984e+001 -8.22e+001 0.000e+000 7.709e-002 5.991e-001 4.227e-001 3.888e-001 1.126e-001 4.519e-002 6.499e-001 1.198e-001 -1.207e-002 -8.361e-002 2.442e-003 5.022e-002 0.000e+000 2.426e-001
2.700e-001  -8.006e+001 -8.22e+001 0.000e+000 7.462e-002 5.990e-001 4.162e-001 3.886e-001 1.127e-001 4.520e-002 6.499e-001 1.198e-001 -1.094e-002 -7.992e-002 2.417e-003 4.981e-002 0.000e+000 2.426e-001
2.760e-001  -8.026e+001 -8.22e+001 0.000e+000 7.230e-002 5.989e-001 4.098e-001 3.884e-001 1.127e-001 4.521e-002 6.498e-001 1.198e-001 -9.954e-003 -7.639e-002 2.392e-003 4.942e-002 0.000e+000 2.426e-001
2.820e-001  -8.045e+001 -8.22e+001 0.000e+000 7.013e-002 5.988e-001 4.036e-001 3.880e-001 1.127e-001 4.522e-002 6.498e-001 1.198e-001 -9.086e-003 -7.304e-002 2.366e-003 4.905e-002 0.000e+000 2.426e-001
2.880e-001  -8.062e+001 -8.22e+001 0.000e+000 6.811e-002 5.988e-001 3.975e-001 3.877e-001 1.127e-001 4.522e-002 6.498e-001 1.198e-001 -8.322e-003 -6.984e-002 2.341e-003 4.871e-002 0.000e+000 2.426e-001
2.940e-001  -8.079e+001 -8.22e+001 0.000e+000 6.622e-002 5.988e-001 3.915e-001 3.872e-001 1.127e-001 4.523e-002 6.498e-001 1.198e-001 -7.648e-003 -6.681e-002 2.316e-003 4.839e-002 0.000e+000 2.426e-001
3.000e-001  -8.095e+001 -8.22e+001 0.000e+000 6.446e-002 5.988e-001 3.857e-001 3.868e-001 1.127e-001 4.524e-002 6.497e-001 1.198e-001 -7.053e-003 -6.393e-002 2.290e-003 4.809e-002 0.000e+000 2.426e-001
3.060e-001  -8.109e+001 -8.22e+001 0.000e+000 6.283e-002 5.989e-001 3.800e-001 3.863e-001 1.127e-001 4.524e-002 6.497e-001 1.198e-001 -6.528e-003 -6.120e-002 2.265e-003 4.781e-002 0.000e+000 2.427e-001
3.120e-001  -8.123e+001 -8.22e+001 0.000e+000 6.130e-002 5.989e-001 3.745e-001 3.857e-001 1.127e-001 4.525e-002 6.497e-001 1.198e-001 -6.062e-003 -5.861e-002 2.240e-003 4.754e-002 0.000e+000 2.427e-001
3.180e-001  -8.135e+001 -8.22e+001 0.000e+000 5.988e-002 5.990e-001 3.691e-001 3.851e-001 1.127e-001 4.526e-002 6.497e-001 1.198e-001 -5.649e-003 -5.617e-002 2.215e-003 4.730e-002 0.000e+000 2.427e-001
3.240e-001  -8.147e+001 -8.22e+001 0.000e+000 5.856e-002 5.991e-001 3.639e-001 3.845e-001 1.127e-001 4.526e-002 6.496e-001 1.198e-001 -5.282e-003 -5.386e-002 2.190e-003 4.707e-002 0.000e+000 2.427e-001
3.300e-001  -8.158e+001 -8.22e+001 0.000e+000 5.733e-002 5.992e-001 3.589e-001 3.839e-001 1.127e-001 4.527e-002 6.496e-001 1.198e-001 -4.955e-003 -5.168e-002 2.166e-003 4.685e-002 0.000e+000 2.427e-001
3.360e-001  -8.169e+001 -8.22e+001 0.000e+000 5.618e-002 5.993e-001 3.540e-001 3.832e-001 1.128e-001 4.527e-002 6.496e-001 1.198e-001 -4.664e-003 -4.961e-002 2.142e-003 4.665e-002 0.000e+000 2.427e-001
3.420e-001  -8.179e+001 -8.22e+001 0.000e+000 5.512e-002 5.994e-001 3.493e-001 3.825e-001 1.128e-001 4.527e-002 6.496e-001 1.198e-001 -4.404e-003 -4.767e-002 2.118e-003 4.646e-002 0.000e+000 2.427e-001
3.480e-001  -8.188e+001 -8.22e+001 0.000e+000 5.414e-002 5.996e-001 3.447e-001 3.818e-001 1.128e-001 4.528e-002 6.495e-001 1.198e-001 -4.171e-003 -4.583e-002 2.094e-003 4.628e-002 0.000e+000 2.427e-001
3.540e-001  -8.196e+001 -8.22e+001 0.000e+000 5.322e-002 5.997e-001 3.403e-001 3.811e-001 1.128e-001 4.528e-002 6.495e-001 1.198e-001 -3.962e-003 -4.410e-002 2.070e-003 4.611e-002 0.000e+000 2.427e-001
3.600e-001  -8.205e+001 -8.22e+001 0.000e+000 5.237e-002 5.999e-001 3.360e-001 3.803e-001 1.128e-001 4.529e-002 6.495e-001 1.198e-001 -3.774e-003 -4.247e-002 2.047e-003 4.596e-002 0.000e+000 2.427e-001
3.660e-001  -8.212e+001 -8.22e+001 0.000e+000 5.158e-002 6.001e-001 3.319e-001 3.796e-001 1.128e-001 4.529e-002 6.495e-001 1.198e-001 -3.605e-003 -4.093e-002 2.024e-003 4.581e-002 0.000e+000 2.427e-001
3.720e-001  -8.219e+001 -8.22e+001 0.000e+000 5.084e-002 6.003e-001 3.279e-001 3.788e-001 1.128e-001 4.529e-002 6.494e-001 1.198e-001 -3.453e-003 -3.948e-002 2.002e-003 4.567e-002 0.000e+000 2.427e-001
3.780e-001  -8.226e+001 -8.22e+001 0.000e+000 5.016e-002 6.005e-001 3.240e-001 3.780e-001 1.128e-001 4.530e-002 6.494e-001 1.198e-001 -3.316e-003 -3.811e-002 1.979e-003 4.554e-002 0.000e+000 2.427e-001
3.840e-001  -8.232e+001 -8.22e+001 0.000e+000 4.953e-002 6.007e-001 3.203e-001 3.772e-001 1.128e-001 4.530e-002 6.494e-001 1.198e-001 -3.191e-003 -3.682e-002 1.957e-003 4.542e-002 0.000e+000 2.427e-001
3.900e-001  -8.238e+001 -8.22e+001 0.000e+000 4.894e-002 6.009e-001 3.167e-001 3.764e-001 1.128e-001 4.530e-002 6.494e-001 1.198e-001 -3.079e-003 -3.560e-002 1.936e-003 4.531e-002 0.000e+000 2.428e-001
3.960e-001  -8.243e+001 -8.22e+001 0.000e+000 4.839e-002 6.011e-001 3.133e-001 3.755e-001 1.128e-001 4.530e-002 6.493e-001 1.198e-001 -2.977e-003 -3.446e-002 1.914e-003 4.520e-002 0.000e+000 2.428e-001
4.020e-001  -8.249e+001 -8.22e+001 0.000e+000 4.788e-002 6.013e-001 3.100e-001 3.747e-001 1.128e-001 4.531e-002 6.493e-001 1.198e-001 -2.884e-003 -3.338e-002 1.893e-003 4.510e-002 0.000e+000 2.428e-001
4.080e-001  -8.253e+001 -8.22e+001 0.000e+000 4.741e-002 6.016e-001 3.068e-001 3.739e-001 1.128e-001 4.531e-002 6.493e-001 1.198e-001 -2.799e-003 -3.236e-002 1.872e-003 4.501e-002 0.000e+000 2.428e-001
4.140e-001  -8.258e+001 -8.22e+001 0.000e+000 4.697e-002 6.018e-001 3.037e-001 3.730e-001 1.128e-001 4.531e-002 6.493e-001 1.198e-001 -2.723e-003 -3.140e-002 1.852e-003 4.492e-002 0.000e+000 2.428e-001
4.200e-001  -8.262e+001 -8.22e+001 0.000e+000 4.656e-002 6.020e-001 3.008e-001 3.722e-001 1.128e-001 4.531e-002 6.492e-001 1.198e-001 -2.652e-003 -3.049e-002 1.832e-003 4.484e-002 0.000e+000 2.428e-001
4.260e-001  -8.266e+001 -8.22e+001 0.000e+000 4.618e-002 6.023e-001 2.979e-001 3.713e-001 1.128e-001 4.531e-002 6.492e-001 1.198e-001 -2.588e-003 -2.963e-002 1.812e-003 4.476e-002 0.000e+000 2.428e-001
4.320e-001  -8.270e+001 -8.22e+001 0.000e+000 4.583e-002 6.025e-001 2.952e-001 3.705e-001 1.128e-001 4.531e-002 6.492e-001 1.198e-001 -2.530e-003 -2.883e-002 1.792e-003 4.469e-002 0.000e+000 2.428e-001
4.380e-001  -8.273e+001 -8.22e+001 0.000e+000 4.550e-002 6.028e-001 2.926e-001 3.696e-001 1.128e-001 4.532e-002 6.492e-001 1.198e-001 -2.476e-003 -2.806e-002 1.773e-003 4.462e-002 0.000e+000 2.428e-001
4.440e-001  -8.277e+001 -8.22e+001 0.000e+000 4.519e-002 6.031e-001 2.901e-001 3.687e-001 1.128e-001 4.532e-002 6.492e-001 1.198e-001 -2.427e-003 -2.735e-002 1.754e-003 4.455e-002 0.000e+000 2.428e-001
4.500e-001  -8.280e+001 -8.22e+001 0.000e+000 4.490e-002 6.033e-001 2.877e-001 3.679e-001 1.128e-001 4.532e-002 6.491e-001 1.198e-001 -2.381e-003 -2.667e-002 1.735e-003 4.449e-002 0.000e+000 2.428e-001
4.560e-001  -8.283e+001 -8.22e+001 0.000e+000 4.464e-002 6.036e-001 2.853e-001 3.670e-001 1.128e-001 4.532e-002 6.491e-001 1.198e-001 -2.340e-003 -2.602e-002 1.717e-003 4.443e-002 0.000e+000 2.428e-001
4.620e-001  -8.286e+001 -8.22e+001 0.000e+000 4.439e-002 6.038e-001 2.831e-001 3.662e-001 1.128e-001 4.532e-002 6.491e-001 1.198e-001 -2.302e-003 -2.542e-002 1.699e-003 4.438e-002 0.000e+000 2.428e-001
4.680e-001  -8.288e+001 -8.22e+001 0.000e+000 4.416e-002 6.041e-001 2.810e-001 3.653e-001 1.128e-001 4.532e-002 6.491e-001 1.198e-001 -2.266e-003 -2.485e-002 1.681e-003 4.433e-002 0.000e+000 2.428e-001
4.740e-001  -8.291e+001 -8.22e+001 0.000e+000 4.394e-002 6.044e-001 2.789e-001 3.645e-001 1.128e-001 4.532e-002 6.490e-001 1.198e-001 -2.234e-003 -2.430e-002 1.663e-003 4.428e-002 0.000e+000 2.428e-001
4.800e-001  -8.293e+001 -8.22e+001 0.000e+000 4.374e-002 6.047e-001 2.770e-001 3.636e-001 1.128e-001 4.532e-002 6.490e-001 1.198e-001 -2.204e-003 -2.379e-002 1.646e-003 4.424e-002 0.000e+000 2.428e-001
4.860e-001  -8.295e+001 -8.22e+001 0.000e+000 4.355e-002 6.049e-001 2.751e-001 3.627e-001 1.128e-001 4.533e-002 6.490e-001 1.198e-001 -2.177e-003 -2.331e-002 1.629e-003 4.419e-002 0.000e+000 2.428e-001
4.920e-001  -8.297e+001 -8.22e+001 0.000e+000 4.338e-002 6.052e-001 2.733e-001 3.619e-001 1.128e-001 4.533e-002 6.490e-001 1.198e-001 -2.151e-003 -2.285e-002 1.613e-003 4.415e-002 0.000e+000 2.428e-001
4.980e-001  -8.299e+001 -8.22e+001 0.000e+000 4.322e-002 6.055e-001 2.716e-001 3.611e-001 1.128e-001 4.533e-002 6.489e-001 1.198e-001 -2.127e-003 -2.242e-002 1.596e-003 4.412e-002 0.000e+000 2.428e-001
5.040e-001  -8.301e+001 -8.22e+001 0.000e+000 4.306e-002 6.058e-001 2.699e-001 3.602e-001 1.128e-001 4.533e-002 6.489e-001 1.198e-001 -2.106e-003 -2.201e-002 1.580e-003 4.408e-002 0.000e+000 2.428e-001
5.100e-001  -8.303e+001 -8.22e+001 0.000e+000 4.292e-002 6.060e-001 2.683e-001 3.594e-001 1.128e-001 4.533e-002 6.489e-001 1.198e-001 -2.085e-003 -2.162e-002 1.564e-003 4.405e-002 0.000e+000 2.428e-001
5.160e-001  -8.304e+001 -8.22e+001 0.000e+000 4.278e-002 6.063e-001 2.668e-001 3.585e-001 1.128e-001 4.533e-002 6.489e-001 1.198e-001 -2.067e-003 -2.125e-002 1.548e-003 4.401e-002 0.000e+000 2.428e-001
5.220e-001  -8.306e+001 -8.22e+001 0.000e+000 4.266e-002 6.066e-001 2.654e-001 3.577e-001 1.128e-001 4.533e-002 6.489e-001 1.198e-001 -2.049e-003 -2.090e-002 1.533e-003 4.398e-002 0.000e+000 2.428e-001
5.280e-001  -8.307e+001 -8.22e+001 0.000e+000 4.254e-002 6.069e-001 2.640e-001 3.569e-001 1.128e-001 4.533e-002 6.488e-001 1.198e-001 -2.033e-003 -2.057e-002 1.518e-003 4.396e-002 0.000e+000 2.428e-001
5.340e-001  -8.309e+001 -8.22e+001 0.000e+000 4.243e-002 6.072e-001 2.626e-001 3.561e-001 1.128e-001 4.533e-002 6.488e-001 1.198e-001 -2.018e-003 -2.026e-002 1.503e-003 4.393e-002 0.000e+000 2.428e-001
5.400e-001  -8.310e+001 -8.22e+001 0.000e+000 4.233e-002 6.075e-001 2.613e-001 3.552e-001 1.128e-001 4.533e-002 6.488e-001 1.198e-001 -2.004e-003 -1.997e-002 1.488e-003 4.390e-002 0.000e+000 2.428e-001
5.460e-001  -8.311e+001 -8.22e+001 0.000e+000 4.223e-002 6.078e-001 2.601e-001 3.544e-001 1.128e-001 4.533e-002 6.488e-001 1.198e-001 -1.992e-003 -1.968e-002 1.474e-003 4.388e-002 0.000e+000 2.428e-001
5.520e-001  -8.312e+001 -8.22e+001 0.000e+000 4.214e-002 6.080e-001 2.590e-001 3.536e-001 1.128e-001 4.533e-002 6.488e-001 1.198e-001 -1.980e-003 -1.942e-002 1.460e-003 4.386e-002 0.000e+000 2.428e-001
5.580e-001  -8.314e+001 -8.22e+001 0.000e+000 4.206e-002 6.083e-001 2.578e-001 3.528e-001 1.128e-001 4.533e-002 6.487e-001 1.198e-001 -1.968e-003 -1.916e-002 1.446e-003 4.383e-002 0.000e+000 2.428e-001
5.640e-001  -8.315e+001 -8.22e+001 0.000e+000 4.198e-002 6.086e-001 2.568e-001 3.520e-001 1.128e-001 4.533e-002 6.487e-001 1.198e-001 -1.958e-003 -1.892e-002 1.432e-003 4.381e-002 0.000e+000 2.428e-001
5.700e-001  -8.316e+001 -8.22e+001 0.000e+000 4.190e-002 6.089e-001 2.557e-001 3.512e-001 1.128e-001 4.533e-002 6.487e-001 1.198e-001 -1.948e-003 -1.870e-002 1.419e-003 4.380e-002 0.000e+000 2.428e-001
5.760e-001  -8.317e+001 -8.22e+001 0.000e+000 4.183e-002 6.092e-001 2.548e-001 3.504e-001 1.128e-001 4.533e-002 6.487e-001 1.198e-001 -1.939e-003 -1.848e-002 1.406e-003 4.378e-002 0.000e+000 2.428e-001
5.820e-001  -8.317e+001 -8.22e+001 0.000e+000 4.176e-002 6.095e-001 2.538e-001 3.497e-001 1.128e-001 4.533e-002 6.486e-001 1.198e-001 -1.931e-003 -1.828e-002 1.393e-003 4.376e-002 0.000e+000 2.428e-001
5.880e-001  -8.318e+001 -8.22e+001 0.000e+000 4.170e-002 6.098e-001 2.529e-001 3.489e-001 1.128e-001 4.533e-002 6.486e-001 1.198e-001 -1.923e-003 -1.808e-002 1.380e-003 4.374e-002 0.000e+000 2.428e-001
5.940e-001  -8.319e+001 -8.22e+001 0.000e+000 4.164e-002 6.100e-001 2.521e-001 3.481e-001 1.128e-001 4.533e-002 6.486e-001 1.198e-001 -1.916e-003 -1.790e-002 1.367e-003 4.373e-002 0.000e+000 2.428e-001
6.000e-001  -8.320e+001 -8.22e+001 0.000e+000 4.159e-002 6.103e-001 2.512e-001 3.474e-001 1.128e-001 4.533e-002 6.486e-001 1.198e-001 -1.909e-003 -1.772e-002 1.355e-003 4.371e-002 0.000e+000 2.428e-001
6.060e-001  -8.320e+001 -8.22e+001 0.000e+000 4.154e-002 6.106e-001 2.505e-001 3.466e-001 1.128e-001 4.533e-002 6.486e-001 1.198e-001 -1.903e-003 -1.755e-002 1.343e-003 4.370e-002 0.000e+000 2.428e-001
6.120e-001  -8.321e+001 -8.22e+001 0.000e+000 4.149e-002 6.109e-001 2.497e-001 3.459e-001 1.128e-001 4.533e-002 6.485e-001 1.198e-001 -1.897e-003 -1.739e-002 1.331e-003 4.369e-002 0.000e+000 2.428e-001
6.180e-001  -8.322e+001 -8.22e+001 0.000e+000 4.144e-002 6.112e-001 2.490e-001 3.451e-001 1.128e-001 4.533e-002 6.485e-001 1.198e-001 -1.892e-003 -1.724e-002 1.319e-003 4.367e-002 0.000e+000 2.428e-001
6.240e-001  -8.322e+001 -8.22e+001 0.000e+000 4.140e-002 6.115e-001 2.483e-001 3.444e-001 1.128e-001 4.533e-002 6.485e-001 1.198e-001 -1.887e-003 -1.710e-002 1.307e-003 4.366e-002 0.000e+000 2.428e-001
6.300e-001  -8.323e+001 -8.22e+001 0.000e+000 4.136e-002 6.117e-001 2.476e-001 3.437e-001 1.128e-001 4.533e-002 6.485e-001 1.198e-001 -1.882e-003 -1.696e-002 1.296e-003 4.365e-002 0.000e+000 2.429e-001
6.360e-001  -8.323e+001 -8.22e+001 0.000e+000 4.132e-002 6.120e-001 2.470e-001 3.429e-001 1.128e-001 4.533e-002 6.485e-001 1.198e-001 -1.877e-003 -1.683e-002 1.285e-003 4.364e-002 0.000e+000 2.429e-001
6.420e-001  -8.324e+001 -8.22e+001 0.000e+000 4.128e-002 6.123e-001 2.464e-001 3.422e-001 1.128e-001 4.533e-002 6.484e-001 1.198e-001 -1.873e-003 -1.671e-002 1.274e-003 4.363e-002 0.000e+000 2.429e-001
6.480e-001  -8.324e+001 -8.22e+001 0.000e+000 4.125e-002 6.126e-001 2.458e-001 3.415e-001 1.128e-001 4.533e-002 6.484e-001 1.199e-001 -1.870e-003 -1.659e-002 1.263e-003 4.362e-002 0.000e+000 2.429e-001
6.540e-001  -8.325e+001 -8.22e+001 0.000e+000 4.122e-002 6.129e-001 2.453e-001 3.408e-001 1.128e-001 4.533e-002 6.484e-001 1.199e-001 -1.866e-003 -1.648e-002 1.252e-003 4.361e-002 0.000e+000 2.429e-001
6.600e-001  -8.325e+001 -8.22e+001 0.000e+000 4.119e-002 6.132e-001 2.448e-001 3.401e-001 1.128e-001 4.533e-002 6.484e-001 1.199e-001 -1.863e-003 -1.638e-002 1.242e-003 4.360e-002 0.000e+000 2.429e-001
6.660e-001  -8.326e+001 -8.22e+001 0.000e+000 4.116e-002 6.134e-001 2.443e-001 3.394e-001 1.128e-001 4.533e-002 6.484e-001 1.199e-001 -1.860e-003 -1.627e-002 1.231e-003 4.359e-002 0.000e+000 2.429e-001
6.720e-001  -8.326e+001 -8.22e+001 0.000e+000 4.113e-002 6.137e-001 2.438e-001 3.387e-001 1.128e-001 4.533e-002 6.483e-001 1.199e-001 -1.857e-003 -1.618e-002 1.221e-003 4.359e-002 0.000e+000 2.429e-001
6.780e-001  -8.327e+001 -8.22e+001 0.000e+000 4.111e-002 6.140e-001 2.433e-001 3.381e-001 1.128e-001 4.533e-002 6.483e-001 1.199e-001 -1.854e-003 -1.609e-002 1.211e-003 4.358e-002 0.000e+000 2.429e-001
6.840e-001  -8.327e+001 -8.22e+001 0.000e+000 4.108e-002 6.143e-001 2.429e-001 3.374e-001 1.128e-001 4.533e-002 6.483e-001 1.199e-001 -1.852e-003 -1.600e-002 1.201e-003 4.357e-002 0.000e+000 2.429e-001
6.900e-001  -8.327e+001 -8.22e+001 0.000e+000 4.106e-002 6.146e-001 2.425e-001 3.367e-001 1.128e-001 4.533e-002 6.483e-001 1.199e-001 -1.849e-003 -1.592e-002 1.192e-003 4.357e-002 0.000e+000 2.429e-001
6.960e-001  -8.328e+001 -8.22e+001 0.000e+000 4.104e-002 6.148e-001 2.421e-001 3.361e-001 1.128e-001 4.533e-002 6.483e-001 1.199e-001 -1.847e-003 -1.584e-002 1.182e-003 4.356e-002 0.000e+000 2.429e-001
7.020e-001  -8.328e+001 -8.22e+001 0.000e+000 4.102e-002 6.151e-001 2.417e-001 3.354e-001 1.128e-001 4.533e-002 6.482e-001 1.199e-001 -1.845e-003 -1.576e-002 1.173e-003 4.355e-002 0.000e+000 2.429e-001
7.080e-001  -8.328e+001 -8.22e+001 0.000e+000 4.100e-002 6.154e-001 2.414e-001 3.348e-001 1.128e-001 4.533e-002 6.482e-001 1.199e-001 -1.843e-003 -1.569e-002 1.164e-003 4.355e-002 0.000e+000 2.429e-001
7.140e-001  -8.328e+001 -8.22e+001 0.000e+000 4.098e-002 6.157e-001 2.410e-001 3.341e-001 1.128e-001 4.533e-002 6.482e-001 1.199e-001 -1.842e-003 -1.562e-002 1.155e-003 4.354e-002 0.000e+000 2.429e-001
7.200e-001  -8.329e+001 -8.22e+001 0.000e+000 4.096e-002 6.159e-001 2.407e-001 3.335e-001 1.128e-001 4.533e-002 6.482e-001 1.199e-001 -1.840e-003 -1.556e-002 1.146e-003 4.354e-002 0.000e+000 2.429e-001
7.260e-001  -8.329e+001 -8.22e+001 0.000e+000 4.094e-002 6.162e-001 2.404e-001 3.329e-001 1.128e-001 4.533e-002 6.482e-001 1.199e-001 -1.839e-003 -1.550e-002 1.137e-003 4.353e-002 0.000e+000 2.429e-001
7.320e-001  -8.329e+001 -8.22e+001 0.000e+000 4.093e-002 6.165e-001 2.401e-001 3.322e-001 1.128e-001 4.533e-002 6.481e-001 1.199e-001 -1.838e-003 -1.544e-002 1.128e-003 4.353e-002 0.000e+000 2.429e-001
7.380e-001  -8.329e+001 -8.22e+001 0.000e+000 4.091e-002 6.167e-001 2.398e-001 3.316e-001 1.128e-001 4.533e-002 6.481e-001 1.199e-001 -1.836e-003 -1.538e-002 1.120e-003 4.352e-002 0.000e+000 2.429e-001
7.440e-001  -8.330e+001 -8.22e+001 0.000e+000 4.090e-002 6.170e-001 2.395e-001 3.310e-001 1.128e-001 4.533e-002 6.481e-001 1.199e-001 -1.835e-003 -1.533e-002 1.111e-003 4.352e-002 0.000e+000 2.429e-001
7.500e-001  -8.330e+001 -8.22e+001 0.000e+000 4.089e-002 6.173e-001 2.392e-001 3.304e-001 1.128e-001 4.533e-002 6.481e-001 1.199e-001 -1.834e-003 -1.528e-002 1.103e-003 4.351e-002 0.000e+000 2.429e-001
7.560e-001  -8.330e+001 -8.22e+001 0.000e+000 4.088e-002 6.176e-001 2.390e-001 3.298e-001 1.128e-001 4.533e-002 6.481e-001 1.199e-001 -1.833e-003 -1.523e-002 1.095e-003 4.351e-002 0.000e+000 2.429e-001
7.620e-001  -8.330e+001 -8.22e+001 0.000e+000 4.086e-002 6.178e-001 2.387e-001 3.292e-001 1.128e-001 4.533e-002 6.480e-001 1.199e-001 -1.833e-003 -1.518e-002 1.087e-003 4.351e-002 0.000e+000 2.429e-001
7.680e-001  -8.330e+001 -8.22e+001 0.000e+000 4.085e-002 6.181e-001 2.385e-001 3.286e-001 1.128e-001 4.533e-002 6.480e-001 1.199e-001 -1.832e-003 -1.514e-002 1.079e-003 4.350e-002 0.000e+000 2.429e-001
7.740e-001  -8.330e+001 -8.22e+001 0.000e+000 4.084e-002 6.184e-001 2.383e-001 3.280e-001 1.128e-001 4.533e-002 6.480e-001 1.199e-001 -1.831e-003 -1.510e-002 1.072e-003 4.350e-002 0.000e+000 2.429e-001
7.800e-001  -8.331e+001 -8.22e+001 0.000e+000 4.083e-002 6.186e-001 2.381e-001 3.275e-001 1.128e-001 4.533e-002 6.480e-001 1.199e-001 -1.831e-003 -1.506e-002 1.064e-003 4.350e-002 0.000e+000 2.429e-001
7.860e-001  -8.331e+001 -8.22e+001 0.000e+000 4.082e-002 6.189e-001 2.379e-001 3.269e-001 1.128e-001 4.533e-002 6.480e-001 1.199e-001 -1.830e-003 -1.502e-002 1.057e-003 4.349e-002 0.000e+000 2.429e-001
7.920e-001  -8.331e+001 -8.22e+001 0.000e+000 4.081e-002 6.191e-001 2.377e-001 3.263e-001 1.128e-001 4.533e-002 6.480e-001 1.199e-001 -1.830e-003 -1.498e-002 1.049e-003 4.349e-002 0.000e+000 2.429e-001
7.980e-001  -8.331e+001 -8.22e+001 0.000e+000 4.081e-002 6.194e-001 2.375e-001 3.258e-001 1.128e-001 4.533e-002 6.479e-001 1.199e-001 -1.829e-003 -1.495e-002 1.042e-003 4.349e-002 0.000e+000 2.429e-001
8.040e-001  -8.331e+001 -8.22e+001 0.000e+000 4.080e-002 6.197e-001 2.374e-001 3.252e-001 1.128e-001 4.533e-002 6.479e-001 1.199e-001 -1.829e-003 -1.491e-002 1.035e-003 4.349e-002 0.000e+000 2.429e-001
8.100e-001  -8.331e+001 -8.22e+001 0.000e+000 4.079e-002 6.199e-001 2.372e-001 3.247e-001 1.128e-001 4.533e-002 6.479e-001 1.199e-001 -1.829e-003 -1.488e-002 1.028e-003 4.348e-002 0.000e+000 2.429e-001
8.160e-001  -8.331e+001 -8.22e+001 0.000e+000 4.078e-002 6.202e-001 2.370e-001 3.242e-001 1.128e-001 4.533e-002 6.479e-001 1.199e-001 -1.829e-003 -1.485e-002 1.021e-003 4.348e-002 0.000e+000 2.429e-001
8.220e-001  -8.331e+001 -8.22e+001 0.000e+000 4.078e-002 6.204e-001 2.369e-001 3.236e-001 1.128e-001 4.533e-002 6.479e-001 1.199e-001 -1.829e-003 -1.482e-002 1.014e-003 4.348e-002 0.000e+000 2.429e-001
8.280e-001  -8.332e+001 -8.22e+001 0.000e+000 4.077e-002 6.207e-001 2.367e-001 3.231e-001 1.128e-001 4.533e-002 6.479e-001 1.199e-001 -1.828e-003 -1.480e-002 1.008e-003 4.348e-002 0.000e+000 2.429e-001
8.340e-001  -8.332e+001 -8.22e+001 0.000e+000 4.076e-002 6.209e-001 2.366e-001 3.226e-001 1.128e-001 4.533e-002 6.478e-001 1.199e-001 -1.828e-003 -1.477e-002 1.001e-003 4.348e-002 0.000e+000 2.429e-001
8.400e-001  -8.332e+001 -8.22e+001 0.000e+000 4.076e-002 6.212e-001 2.365e-001 3.221e-001 1.128e-001 4.533e-002 6.478e-001 1.199e-001 -1.828e-003 -1.475e-002 9.948e-004 4.347e-002 0.000e+000 2.429e-001
8.460e-001  -8.332e+001 -8.22e+001 0.000e+000 4.075e-002 6.215e-001 2.363e-001 3.215e-001 1.128e-001 4.533e-002 6.478e-001 1.199e-001 -1.828e-003 -1.472e-002 9.884e-004 4.347e-002 0.000e+000 2.429e-001
8.520e-001  -8.332e+001 -8.22e+001 0.000e+000 4.075e-002 6.217e-001 2.362e-001 3.210e-001 1.128e-001 4.533e-002 6.478e-001 1.199e-001 -1.828e-003 -1.470e-002 9.822e-004 4.347e-002 0.000e+000 2.429e-001
8.580e-001  -8.332e+001 -8.22e+001 0.000e+000 4.074e-002 6.220e-001 2.361e-001 3.205e-001 1.128e-001 4.533e-002 6.478e-001 1.199e-001 -1.828e-003 -1.468e-002 9.760e-004 4.347e-002 0.000e+000 2.429e-001
8.640e-001  -8.332e+001 -8.22e+001 0.000e+000 4.074e-002 6.222e-001 2.360e-001 3.200e-001 1.128e-001 4.533e-002 6.477e-001 1.199e-001 -1.829e-003 -1.466e-002 9.700e-004 4.347e-002 0.000e+000 2.429e-001
8.700e-001  -8.332e+001 -8.22e+001 0.000e+000 4.073e-002 6.225e-001 2.359e-001 3.196e-001 1.128e-001 4.533e-002 6.477e-001 1.199e-001 -1.829e-003 -1.464e-002 9.640e-004 4.347e-002 0.000e+000 2.429e-001
8.760e-001  -8.332e+001 -8.22e+001 0.000e+000 4.073e-002 6.227e-001 2.358e-001 3.191e-001 1.128e-001 4.533e-002 6.477e-001 1.199e-001 -1.829e-003 -1.462e-002 9.581e-004 4.346e-002 0.000e+000 2.429e-001
8.820e-001  -8.332e+001 -8.22e+001 0.000e+000 4.072e-002 6.230e-001 2.357e-001 3.186e-001 1.128e-001 4.533e-002 6.477e-001 1.199e-001 -1.829e-003 -1.460e-002 9.523e-004 4.346e-002 0.000e+000 2.429e-001
8.880e-001  -8.332e+001 -8.22e+001 0.000e+000 4.072e-002 6.232e-001 2.356e-001 3.181e-001 1.128e-001 4.533e-002 6.477e-001 1.199e-001 -1.829e-003 -1.459e-002 9.466e-004 4.346e-002 0.000e+000 2.429e-001
8.940e-001  -8.332e+001 -8.22e+001 0.000e+000 4.072e-002 6.234e-001 2.355e-001 3.176e-001 1.128e-001 4.533e-002 6.477e-001 1.199e-001 -1.830e-003 -1.457e-002 9.410e-004 4.346e-002 0.000e+000 2.429e-001
9.000e-001  -8.332e+001 -8.22e+001 0.000e+000 4.071e-002 6.237e-001 2.355e-001 3.172e-001 1.128e-001 4.533e-002 6.476e-001 1.199e-001 -1.830e-003 -1.456e-002 9.355e-004 4.346e-002 0.000e+000 2.429e-001
9.060e-001  -8.332e+001 -8.22e+001 0.000e+000 4.071e-002 6.239e-001 2.354e-001 3.167e-001 1.128e-001 4.532e-002 6.476e-001 1.199e-001 -1.830e-003 -1.454e-002 9.301e-004 4.346e-002 0.000e+000 2.429e-001
9.120e-001  -8.332e+001 -8.22e+001 0.000e+000 4.071e-002 6.242e-001 2.353e-001 3.163e-001 1.128e-001 4.532e-002 6.476e-001 1.199e-001 -1.830e-003 -1.453e-002 9.247e-004 4.346e-002 0.000e+000 2.429e-001
9.180e-001  -8.332e+001 -8.22e+001 0.000e+000 4.071e-002 6.244e-001 2.352e-001 3.158e-001 1.128e-001 4.532e-002 6.476e-001 1.199e-001 -1.831e-003 -1.451e-002 9.194e-004 4.346e-002 0.000e+000 2.429e-001
9.240e-001  -8.333e+001 -8.22e+001 0.000e+000 4.070e-002 6.247e-001 2.352e-001 3.154e-001 1.128e-001 4.532e-002 6.476e-001 1.199e-001 -1.831e-003 -1.450e-002 9.142e-004 4.346e-002 0.000e+000 2.429e-001
9.300e-001  -8.333e+001 -8.22e+001 0.000e+000 4.070e-002 6.249e-001 2.351e-001 3.149e-001 1.128e-001 4.532e-002 6.476e-001 1.199e-001 -1.831e-003 -1.449e-002 9.091e-004 4.345e-002 0.000e+000 2.429e-001
9.360e-001  -8.333e+001 -8.22e+001 0.000e+000 4.070e-002 6.251e-001 2.350e-001 3.145e-001 1.128e-001 4.532e-002 6.476e-001 1.199e-001 -1.832e-003 -1.448e-002 9.041e-004 4.345e-002 0.000e+000 2.429e-001
9.420e-001  -8.333e+001 -8.22e+001 0.000e+000 4.070e-002 6.254e-001 2.350e-001 3.141e-001 1.128e-001 4.532e-002 6.475e-001 1.199e-001 -1.832e-003 -1.447e-002 8.991e-004 4.345e-002 0.000e+000 2.429e-001
9.480e-001  -8.333e+001 -8.22e+001 0.000e+000 4.069e-002 6.256e-001 2.349e-001 3.136e-001 1.128e-001 4.532e-002 6.475e-001 1.199e-001 -1.833e-003 -1.446e-002 8.942e-004 4.345e-002 0.000e+000 2.429e-001
9.540e-001  -8.333e+001 -8.22e+001 0.000e+000 4.069e-002 6.258e-001 2.349e-001 3.132e-001 1.128e-001 4.532e-002 6.475e-001 1.199e-001 -1.833e-003 -1.445e-002 8.894e-004 4.345e-002 0.000e+000 2.429e-001
9.600e-001  -8.333e+001 -8.22e+001 0.000e+000 4.069e-002 6.261e-001 2.348e-001 3.128e-001 1.128e-001 4.532e-002 6.475e-001 1.199e-001 -1.834e-003 -1.444e-002 8.846e-004 4.345e-002 0.000e+000 2.429e-001
9.660e-001  -8.333e+001 -8.22e+001 0.000e+000 4.069e-002 6.263e-001 2.348e-001 3.124e-001 1.128e-001 4.532e-002 6.475e-001 1.199e-001 -1.834e-003 -1.443e-002 8.800e-004 4.345e-002 0.000e+000 2.429e-001
9.720e-001  -8.333e+001 -8.22e+001 0.000e+000 4.069e-002 6.265e-001 2.347e-001 3.120e-001 1.128e-001 4.532e-002 6.475e-001 1.199e-001 -1.834e-003 -1.442e-002 8.754e-004 4.345e-002 0.000e+000 2.429e-001
9.780e-001  -8.333e+001 -8.22e+001 0.000e+000 4.069e-002 6.268e-001 2.347e-001 3.116e-001 1.128e-001 4.532e-002 6.474e-001 1.199e-001 -1.835e-003 -1.441e-002 8.708e-004 4.345e-002 0.000e+000 2.429e-001
9.840e-001  -8.333e+001 -8.22e+001 0.000e+000 4.068e-002 6.270e-001 2.347e-001 3.112e-001 1.128e-001 4.532e-002 6.474e-001 1.199e-001 -1.835e-003 -1.441e-002 8.664e-004 4.345e-002 0.000e+000 2.429e-001
9.900e-001  -8.333e+001 -8.22e+001 0.000e+000 4.068e-002 6.272e-001 2.346e-001 3.108e-001 1.128e-001 4.532e-002 6.474e-001 1.199e-001 -1.836e-003 -1.440e-002 8.620e-004 4.345e-002 0.000e+000 2.429e-001
9.960e-001  -8.333e+001 -8.22e+001 0.000e+000 4.068e-002 6.275e-001 2.346e-001 3.104e-001 1.128e-001 4.532e-002 6.474e-001 1.199e-001 -1.836e-003 -1.439e-002 8.576e-004 4.345e-002 0.000e+000 2.429e-001
1.002e+000  -8.333e+001 -8.22e+001 0.000e+000 4.068e-002 6.277e-001 2.345e-001 3.100e-001 1.128e-001 4.532e-002 6.474e-001 1.199e-001 -1.837e-003 -1.438e-002 8.534e-004 4.345e-002 0.000e+000 2.429e-001
1.008e+000  -8.333e+001 -8.22e+001 0.000e+000 4.068e-002 6.279e-001 2.345e-001 3.096e-001 1.128e-001 4.532e-002 6.474e-001 1.199e-001 -1.837e-003 -1.438e-002 8.491e-004 4.345e-002 0.000e+000 2.429e-001
1.014e+000  -8.333e+001 -8.22e+001 0.000e+000 4.068e-002 6.281e-001 2.345e-001 3.093e-001 1.128e-001 4.532e-002 6.473e-001 1.199e-001 -1.838e-003 -1.437e-002 8.450e-004 4.345e-002 0.000e+000 2.429e-001
1.020e+000  -8.333e+001 -8.22e+001 0.000e+000 4.068e-002 6.284e-001 2.344e-001 3.089e-001 1.128e-001 4.532e-002 6.473e-001 1.199e-001 -1.838e-003 -1.437e-002 8.409e-004 4.345e-002 0.000e+000 2.429e-001
1.026e+000  -8.333e+001 -8.22e+001 0.000e+000 4.068e-002 6.286e-001 2.344e-001 3.085e-001 1.128e-001 4.532e-002 6.473e-001 1.199e-001 -1.839e-003 -1.436e-002 8.369e-004 4.345e-002 0.000e+000 2.429e-001
1.032e+000  -8.333e+001 -8.22e+001 0.000e+000 4.068e-002 6.288e-001 2.344e-001 3.082e-001 1.128e-001 4.532e-002 6.473e-001 1.199e-001 -1.840e-003 -1.436e-002 8.329e-004 4.344e-002 0.000e+000 2.429e-001
1.038e+000  -8.333e+001 -8.22e+001 0.000e+000 4.067e-002 6.290e-001 2.344e-001 3.078e-001 1.128e-001 4.532e-002 6.473e-001 1.199e-001 -1.840e-003 -1.435e-002 8.290e-004 4.344e-002 0.000e+000 2.429e-001
1.044e+000  -8.333e+001 -8.22e+001 0.000e+000 4.067e-002 6.292e-001 2.343e-001 3.074e-001 1.128e-001 4.532e-002 6.473e-001 1.199e-001 -1.841e-003 -1.435e-002 8.252e-004 4.344e-002 0.000e+000 2.429e-001
1.050e+000  -8.333e+001 -8.22e+001 0.000e+000 4.067e-002 6.295e-001 2.343e-001 3.071e-001 1.128e-001 4.532e-002 6.473e-001 1.199e-001 -1.841e-003 -1.434e-002 8.214e-004 4.344e-002 0.000e+000 2.429e-001
1.056e+000  -8.333e+001 -8.22e+001 0.000e+000 4.067e-002 6.297e-001 2.343e-001 3.067e-001 1.128e-001 4.532e-002 6.472e-001 1.199e-001 -1.842e-003 -1.434e-002 8.176e-004 4.344e-002 0.000e+000 2.429e-001
1.062e+000  -8.333e+001 -8.22e+001 0.000e+000 4.067e-002 6.299e-001 2.343e-001 3.064e-001 1.128e-001 4.532e-002 6.472e-001 1.199e-001 -1.842e-003 -1.433e-002 8.139e-004 4.344e-002 0.000e+000 2.429e-001
1.068e+000  -8.333e+001 -8.22e+001 0.000e+000 4.067e-002 6.301e-001 2.342e-001 3.060e-001 1.128e-001 4.532e-002 6.472e-001 1.199e-001 -1.843e-003 -1.433e-002 8.103e-004 4.344e-002 0.000e+000 2.429e-001
1.074e+000  -8.333e+001 -8.22e+001 0.000e+000 4.067e-002 6.303e-001 2.342e-001 3.057e-001 1.128e-001 4.532e-002 6.472e-001 1.199e-001 -1.843e-003 -1.433e-002 8.067e-004 4.344e-002 0.000e+000 2.429e-001
1.080e+000  -8.333e+001 -8.22e+001 0.000e+000 4.067e-002 6.305e-001 2.342e-001 3.054e-001 1.128e-001 4.532e-002 6.472e-001 1.199e-001 -1.844e-003 -1.432e-002 8.032e-004 4.344e-002 0.000e+000 2.429e-001
1.086e+000  -8.333e+001 -8.22e+001 0.000e+000 4.067e-002 6.308e-001 2.342e-001 3.050e-001 1.128e-001 4.532e-002 6.472e-001 1.199e-001 -1.845e-003 -1.432e-002 7.997e-004 4.344e-002 0.000e+000 2.429e-001
1.092e+000  -8.333e+001 -8.22e+001 0.000e+000 4.067e-002 6.310e-001 2.342e-001 3.047e-001 1.128e-001 4.532e-002 6.472e-001 1.199e-001 -1.845e-003 -1.432e-002 7.963e-004 4.344e-002 0.000e+000 2.429e-001
1.098e+000  -8.333e+001 -8.22e+001 0.000e+000 4.067e-002 6.312e-001 2.342e-001 3.044e-001 1.128e-001 4.532e-002 6.471e-001 1.199e-001 -1.846e-003 -1.431e-002 7.929e-004 4.344e-002 0.000e+000 2.429e-001
1.104e+000  -8.333e+001 -8.22e+001 0.000e+000 4.067e-002 6.314e-001 2.341e-001 3.041e-001 1.128e-001 4.532e-002 6.471e-001 1.199e-001 -1.846e-003 -1.431e-002 7.895e-004 4.344e-002 0.000e+000 2.429e-001
1.110e+000  -8.333e+001 -8.22e+001 0.000e+000 4.067e-002 6.316e-001 2.341e-001 3.038e-001 1.128e-001 4.532e-002 6.471e-001 1.199e-001 -1.847e-003 -1.431e-002 7.863e-004 4.344e-002 0.000e+000 2.429e-001
1.116e+000  -8.333e+001 -8.22e+001 0.000e+000 4.067e-002 6.318e-001 2.341e-001 3.034e-001 1.128e-001 4.532e-002 6.471e-001 1.199e-001 -1.847e-003 -1.431e-002 7.830e-004 4.344e-002 0.000e+000 2.429e-001
1.122e+000  -8.333e+001 -8.22e+001 0.000e+000 4.067e-002 6.320e-001 2.341e-001 3.031e-001 1.128e-001 4.532e-002 6.471e-001 1.199e-001 -1.848e-003 -1.430e-002 7.798e-004 4.344e-002 0.000e+000 2.429e-001
1.128e+000  -8.333e+001 -8.22e+001 0.000e+000 4.067e-002 6.322e-001 2.341e-001 3.028e-001 1.128e-001 4.532e-002 6.471e-001 1.199e-001 -1.849e-003 -1.430e-002 7.767e-004 4.344e-002 0.000e+000 2.429e-001
1.134e+000  -8.333e+001 -8.22e+001 0.000e+000 4.067e-002 6.324e-001 2.341e-001 3.025e-001 1.128e-001 4.532e-002 6.471e-001 1.199e-001 -1.849e-003 -1.430e-002 7.736e-004 4.344e-002 0.000e+000 2.429e-001
1.140e+000  -8.333e+001 -8.22e+001 0.000e+000 4.067e-002 6.326e-001 2.341e-001 3.022e-001 1.128e-001 4.531e-002 6.470e-001 1.199e-001 -1.850e-003 -1.430e-002 7.705e-004 4.344e-002 0.000e+000 2.429e-001
1.146e+000  -8.333e+001 -8.22e+001 0.000e+000 4.067e-002 6.328e-001 2.341e-001 3.019e-001 1.128e-001 4.531e-002 6.470e-001 1.199e-001 -1.850e-003 -1.429e-002 7.675e-004 4.344e-002 0.000e+000 2.429e-001
1.152e+000  -8.333e+001 -8.22e+001 0.000e+000 4.067e-002 6.331e-001 2.340e-001 3.016e-001 1.128e-001 4.531e-002 6.470e-001 1.199e-001 -1.851e-003 -1.429e-002 7.645e-004 4.344e-002 0.000e+000 2.429e-001
1.158e+000  -8.333e+001 -8.22e+001 0.000e+000 4.067e-002 6.333e-001 2.340e-001 3.014e-001 1.128e-001 4.531e-002 6.470e-001 1.199e-001 -1.851e-003 -1.429e-002 7.616e-004 4.344e-002 0.000e+000 2.429e-001
1.164e+000  -8.333e+001 -8.22e+001 0.000e+000 4.067e-002 6.335e-001 2.340e-001 3.011e-001 1.128e-001 4.531e-002 6.470e-001 1.199e-001 -1.852e-003 -1.429e-002 7.587e-004 4.344e-002 0.000e+000 2.429e-001
1.170e+000  -8.333e+001 -8.22e+001 0.000e+000 4.067e-002 6.337e-001 2.340e-001 3.008e-001 1.128e-001 4.531e-002 6.470e-001 1.199e-001 -1.853e-003 -1.429e-002 7.558e-004 4.344e-002 0.000e+000 2.429e-001
1.176e+000  -8.333e+001 -8.22e+001 0.000e+000 4.067e-002 6.339e-001 2.340e-001 3.005e-001 1.128e-001 4.531e-002 6.470e-001 1.199e-001 -1.853e-003 -1.429e-002 7.530e-004 4.344e-002 0.000e+000 2.429e-001
1.182e+000  -8.333e+001 -8.22e+001 0.000e+000 4.067e-002 6.341e-001 2.340e-001 3.002e-001 1.128e-001 4.531e-002 6.470e-001 1.199e-001 -1.854e-003 -1.428e-002 7.502e-004 4.344e-002 0.000e+000 2.429e-001
1.188e+000  -8.333e+001 -8.22e+001 0.000e+000 4.067e-002 6.343e-001 2.340e-001 3.000e-001 1.128e-001 4.531e-002 6.469e-001 1.199e-001 -1.854e-003 -1.428e-002 7.475e-004 4.344e-002 0.000e+000 2.429e-001
1.194e+000  -8.333e+001 -8.22e+001 0.000e+000 4.067e-002 6.345e-001 2.340e-001 2.997e-001 1.128e-001 4.531e-002 6.469e-001 1.199e-001 -1.855e-003 -1.428e-002 7.448e-004 4.344e-002 0.000e+000 2.430e-001
1.200e+000  -8.333e+001 -8.22e+001 0.000e+000 4.067e-002 6.346e-001 2.340e-001 2.994e-001 1.128e-001 4.531e-002 6.469e-001 1.199e-001 -1.855e-003 -1.428e-002 7.421e-004 4.344e-002 0.000e+000 2.430e-001
1.206e+000  -8.333e+001 -8.22e+001 0.000e+000 4.067e-002 6.348e-001 2.340e-001 2.992e-001 1.128e-001 4.531e-002 6.469e-001 1.199e-001 -1.856e-003 -1.428e-002 7.395e-004 4.344e-002 0.000e+000 2.430e-001
1.212e+000  -8.333e+001 -8.22e+001 0.000e+000 4.067e-002 6.350e-001 2.340e-001 2.989e-001 1.128e-001 4.531e-002 6.469e-001 1.199e-001 -1.857e-003 -1.428e-002 7.369e-004 4.344e-002 0.000e+000 2.430e-001
1.218e+000  -8.333e+001 -8.22e+001 0.000e+000 4.067e-002 6.352e-001 2.340e-001 2.986e-001 1.128e-001 4.531e-002 6.469e-001 1.199e-001 -1.857e-003 -1.428e-002 7.344e-004 4.344e-002 0.000e+000 2.430e-001
1.224e+000  -8.333e+001 -8.22e+001 0.000e+000 4.067e-002 6.354e-001 2.340e-001 2.984e-001 1.128e-001 4.531e-002 6.469e-001 1.199e-001 -1.858e-003 -1.428e-002 7.318e-004 4.344e-002 0.000e+000 2.430e-001
1.230e+000  -8.333e+001 -8.22e+001 0.000e+000 4.067e-002 6.356e-001 2.340e-001 2.981e-001 1.128e-001 4.531e-002 6.469e-001 1.199e-001 -1.858e-003 -1.428e-002 7.294e-004 4.344e-002 0.000e+000 2.430e-001
1.236e+000  -8.333e+001 -8.22e+001 0.000e+000 4.067e-002 6.358e-001 2.340e-001 2.979e-001 1.128e-001 4.531e-002 6.468e-001 1.199e-001 -1.859e-003 -1.428e-002 7.269e-004 4.344e-002 0.000e+000 2.430e-001
1.242e+000  -8.333e+001 -8.22e+001 0.000e+000 4.067e-002 6.360e-001 2.340e-001 2.976e-001 1.128e-001 4.531e-002 6.468e-001 1.199e-001 -1.859e-003 -1.427e-002 7.245e-004 4.344e-002 0.000e+000 2.430e-001
1.248e+000  -8.333e+001 -8.22e+001 0.000e+000 4.067e-002 6.362e-001 2.339e-001 2.974e-001 1.128e-001 4.531e-002 6.468e-001 1.199e-001 -1.860e-003 -1.427e-002 7.221e-004 4.344e-002 0.000e+000 2.430e-001
1.254e+000  -8.333e+001 -8.22e+001 0.000e+000 4.067e-002 6.364e-001 2.339e-001 2.971e-001 1.128e-001 4.531e-002 6.468e-001 1.199e-001 -1.861e-003 -1.427e-002 7.198e-004 4.344e-002 0.000e+000 2.430e-001
1.260e+000  -8.333e+001 -8.22e+001 0.000e+000 4.067e-002 6.366e-001 2.339e-001 2.969e-001 1.128e-001 4.531e-002 6.468e-001 1.199e-001 -1.861e-003 -1.427e-002 7.174e-004 4.344e-002 0.000e+000 2.430e-001
1.266e+000  -8.333e+001 -8.22e+001 0.000e+000 4.067e-002 6.368e-001 2.339e-001 2.967e-001 1.128e-001 4.531e-002 6.468e-001 1.199e-001 -1.862e-003 -1.427e-002 7.151e-004 4.344e-002 0.000e+000 2.430e-001
1.272e+000  -8.333e+001 -8.22e+001 0.000e+000 4.067e-002 6.369e-001 2.339e-001 2.964e-001 1.128e-001 4.531e-002 6.468e-001 1.199e-001 -1.862e-003 -1.427e-002 7.129e-004 4.344e-002 0.000e+000 2.430e-001
1.278e+000  -8.333e+001 -8.22e+001 0.000e+000 4.067e-002 6.371e-001 2.339e-001 2.962e-001 1.128e-001 4.531e-002 6.468e-001 1.199e-001 -1.863e-003 -1.427e-002 7.107e-004 4.344e-002 0.000e+000 2.430e-001
1.284e+000  -8.333e+001 -8.22e+001 0.000e+000 4.067e-002 6.373e-001 2.339e-001 2.960e-001 1.128e-001 4.531e-002 6.467e-001 1.199e-001 -1.863e-003 -1.427e-002 7.085e-004 4.344e-002 0.000e+000 2.430e-001
1.290e+000  -8.333e+001 -8.22e+001 0.000e+000 4.067e-002 6.375e-001 2.339e-001 2.957e-001 1.128e-001 4.531e-002 6.467e-001 1.199e-001 -1.864e-003 -1.427e-002 7.063e-004 4.344e-002 0.000e+000 2.430e-001
1.296e+000  -8.333e+001 -8.22e+001 0.000e+000 4.067e-002 6.377e-001 2.339e-001 2.955e-001 1.128e-001 4.531e-002 6.467e-001 1.199e-001 -1.864e-003 -1.427e-002 7.042e-004 4.344e-002 0.000e+000 2.430e-001
1.302e+000  -8.333e+001 -8.22e+001 0.000e+000 4.067e-002 6.379e-001 2.339e-001 2.953e-001 1.128e-001 4.531e-002 6.467e-001 1.199e-001 -1.865e-003 -1.427e-002 7.020e-004 4.344e-002 0.000e+000 2.430e-001
1.308e+000  -8.333e+001 -8.22e+001 0.000e+000 4.067e-002 6.380e-001 2.339e-001 2.951e-001 1.128e-001 4.531e-002 6.467e-001 1.199e-001 -1.866e-003 -1.427e-002 7.000e-004 4.344e-002 0.000e+000 2.430e-001
1.314e+000  -8.333e+001 -8.22e+001 0.000e+000 4.067e-002 6.382e-001 2.339e-001 2.949e-001 1.128e-001 4.531e-002 6.467e-001 1.199e-001 -1.866e-003 -1.427e-002 6.979e-004 4.344e-002 0.000e+000 2.430e-001
1.320e+000  -8.333e+001 -8.22e+001 0.000e+000 4.067e-002 6.384e-001 2.339e-001 2.947e-001 1.128e-001 4.531e-002 6.467e-001 1.199e-001 -1.867e-003 -1.427e-002 6.959e-004 4.344e-002 0.000e+000 2.430e-001
1.326e+000  -8.333e+001 -8.22e+001 0.000e+000 4.067e-002 6.386e-001 2.339e-001 2.944e-001 1.128e-001 4.531e-002 6.467e-001 1.199e-001 -1.867e-003 -1.427e-002 6.939e-004 4.344e-002 0.000e+000 2.430e-001
1.332e+000  -8.333e+001 -8.22e+001 0.000e+000 4.067e-002 6.388e-001 2.339e-001 2.942e-001 1.128e-001 4.531e-002 6.466e-001 1.199e-001 -1.868e-003 -1.427e-002 6.919e-004 4.344e-002 0.000e+000 2.430e-001
1.338e+000  -8.333e+001 -8.22e+001 0.000e+000 4.067e-002 6.389e-001 2.339e-001 2.940e-001 1.128e-001 4.531e-002 6.466e-001 1.199e-001 -1.868e-003 -1.427e-002 6.900e-004 4.344e-002 0.000e+000 2.430e-001
1.344e+000  -8.333e+001 -8.22e+001 0.000e+000 4.067e-002 6.391e-001 2.339e-001 2.938e-001 1.128e-001 4.531e-002 6.466e-001 1.199e-001 -1.869e-003 -1.427e-002 6.880e-004 4.344e-002 0.000e+000 2.430e-001
1.350e+000  -8.333e+001 -8.22e+001 0.000e+000 4.067e-002 6.393e-001 2.339e-001 2.936e-001 1.128e-001 4.531e-002 6.466e-001 1.199e-001 -1.869e-003 -1.427e-002 6.861e-004 4.344e-002 0.000e+000 2.430e-001
1.356e+000  -8.333e+001 -8.22e+001 0.000e+000 4.067e-002 6.395e-001 2.339e-001 2.934e-001 1.128e-001 4.531e-002 6.466e-001 1.199e-001 -1.870e-003 -1.427e-002 6.843e-004 4.344e-002 0.000e+000 2.430e-001
1.362e+000  -8.333e+001 -8.22e+001 0.000e+000 4.067e-002 6.396e-001 2.339e-001 2.932e-001 1.128e-001 4.531e-002 6.466e-001 1.199e-001 -1.870e-003 -1.427e-002 6.824e-004 4.344e-002 0.000e+000 2.430e-001
1.368e+000  -8.333e+001 -8.22e+001 0.000e+000 4.067e-002 6.398e-001 2.339e-001 2.930e-001 1.128e-001 4.530e-002 6.466e-001 1.199e-001 -1.871e-003 -1.427e-002 6.806e-004 4.344e-002 0.000e+000 2.430e-001
1.374e+000  -8.333e+001 -8.22e+001 0.000e+000 4.067e-002 6.400e-001 2.339e-001 2.928e-001 1.128e-001 4.530e-002 6.466e-001 1.199e-001 -1.871e-003 -1.427e-002 6.788e-004 4.343e-002 0.000e+000 2.430e-001
1.380e+000  -8.333e+001 -8.22e+001 0.000e+000 4.067e-002 6.402e-001 2.339e-001 2.926e-001 1.128e-001 4.530e-002 6.466e-001 1.199e-001 -1.872e-003 -1.427e-002 6.770e-004 4.343e-002 0.000e+000 2.430e-001
1.386e+000  -8.333e+001 -8.22e+001 0.000e+000 4.067e-002 6.403e-001 2.339e-001 2.925e-001 1.128e-001 4.530e-002 6.465e-001 1.199e-001 -1.873e-003 -1.427e-002 6.753e-004 4.343e-002 0.000e+000 2.430e-001
1.392e+000  -8.333e+001 -8.22e+001 0.000e+000 4.067e-002 6.405e-001 2.339e-001 2.923e-001 1.128e-001 4.530e-002 6.465e-001 1.199e-001 -1.873e-003 -1.427e-002 6.735e-004 4.343e-002 0.000e+000 2.430e-001
1.398e+000  -8.333e+001 -8.22e+001 0.000e+000 4.067e-002 6.407e-001 2.339e-001 2.921e-001 1.128e-001 4.530e-002 6.465e-001 1.200e-001 -1.874e-003 -1.427e-002 6.718e-004 4.343e-002 0.000e+000 2.430e-001
1.404e+000  -8.333e+001 -8.22e+001 0.000e+000 4.067e-002 6.408e-001 2.339e-001 2.919e-001 1.128e-001 4.530e-002 6.465e-001 1.200e-001 -1.874e-003 -1.427e-002 6.701e-004 4.343e-002 0.000e+000 2.430e-001
1.410e+000  -8.333e+001 -8.22e+001 0.000e+000 4.067e-002 6.410e-001 2.339e-001 2.917e-001 1.128e-001 4.530e-002 6.465e-001 1.200e-001 -1.875e-003 -1.426e-002 6.685e-004 4.343e-002 0.000e+000 2.430e-001
1.416e+000  -8.333e+001 -8.22e+001 0.000e+000 4.067e-002 6.412e-001 2.339e-001 2.915e-001 1.128e-001 4.530e-002 6.465e-001 1.200e-001 -1.875e-003 -1.426e-002 6.668e-004 4.343e-002 0.000e+000 2.430e-001
1.422e+000  -8.333e+001 -8.22e+001 0.000e+000 4.067e-002 6.413e-001 2.339e-001 2.914e-001 1.128e-001 4.530e-002 6.465e-001 1.200e-001 -1.876e-003 -1.426e-002 6.652e-004 4.343e-002 0.000e+000 2.430e-001
1.428e+000  -8.333e+001 -8.22e+001 0.000e+000 4.067e-002 6.415e-001 2.339e-001 2.912e-001 1.128e-001 4.530e-002 6.465e-001 1.200e-001 -1.876e-003 -1.426e-002 6.636e-004 4.343e-002 0.000e+000 2.430e-001
1.434e+000  -8.333e+001 -8.22e+001 0.000e+000 4.067e-002 6.417e-001 2.339e-001 2.910e-001 1.128e-001 4.530e-002 6.465e-001 1.200e-001 -1.877e-003 -1.426e-002 6.620e-004 4.343e-002 0.000e+000 2.430e-001
1.440e+000  -8.333e+001 -8.22e+001 0.000e+000 4.067e-002 6.418e-001 2.339e-001 2.908e-001 1.128e-001 4.530e-002 6.464e-001 1.200e-001 -1.877e-003 -1.426e-002 6.605e-004 4.343e-002 0.000e+000 2.430e-001
1.446e+000  -8.333e+001 -8.22e+001 0.000e+000 4.067e-002 6.420e-001 2.339e-001 2.907e-001 1.128e-001 4.530e-002 6.464e-001 1.200e-001 -1.878e-003 -1.426e-002 6.589e-004 4.343e-002 0.000e+000 2.430e-001
1.452e+000  -8.333e+001 -8.22e+001 0.000e+000 4.067e-002 6.422e-001 2.339e-001 2.905e-001 1.128e-001 4.530e-002 6.464e-001 1.200e-001 -1.878e-003 -1.426e-002 6.574e-004 4.343e-002 0.000e+000 2.430e-001
1.458e+000  -8.333e+001 -8.22e+001 0.000e+000 4.067e-002 6.423e-001 2.339e-001 2.903e-001 1.128e-001 4.530e-002 6.464e-001 1.200e-001 -1.879e-003 -1.426e-002 6.559e-004 4.343e-002 0.000e+000 2.430e-001
1.464e+000  -8.333e+001 -8.22e+001 0.000e+000 4.067e-002 6.425e-001 2.339e-001 2.902e-001 1.128e-001 4.530e-002 6.464e-001 1.200e-001 -1.879e-003 -1.426e-002 6.544e-004 4.343e-002 0.000e+000 2.430e-001
1.470e+000  -8.333e+001 -8.22e+001 0.000e+000 4.067e-002 6.426e-001 2.339e-001 2.900e-001 1.128e-001 4.530e-002 6.464e-001 1.200e-001 -1.880e-003 -1.426e-002 6.530e-004 4.343e-002 0.000e+000 2.430e-001
1.476e+000  -8.333e+001 -8.22e+001 0.000e+000 4.067e-002 6.428e-001 2.339e-001 2.899e-001 1.128e-001 4.530e-002 6.464e-001 1.200e-001 -1.880e-003 -1.426e-002 6.515e-004 4.343e-002 0.000e+000 2.430e-001
1.482e+000  -8.333e+001 -8.22e+001 0.000e+000 4.067e-002 6.430e-001 2.339e-001 2.897e-001 1.128e-001 4.530e-002 6.464e-001 1.200e-001 -1.880e-003 -1.426e-002 6.501e-004 4.343e-002 0.000e+000 2.430e-001
1.488e+000  -8.333e+001 -8.22e+001 0.000e+000 4.067e-002 6.431e-001 2.339e-001 2.895e-001 1.128e-001 4.530e-002 6.464e-001 1.200e-001 -1.881e-003 -1.426e-002 6.487e-004 4.343e-002 0.000e+000 2.430e-001
1.494e+000  -8.333e+001 -8.22e+001 0.000e+000 4.067e-002 6.433e-001 2.339e-001 2.894e-001 1.128e-001 4.530e-002 6.464e-001 1.200e-001 -1.881e-003 -1.426e-002 6.473e-004 4.343e-002 0.000e+000 2.430e-001
1.500e+000  -8.333e+001 -8.22e+001 0.000e+000 4.067e-002 6.434e-001 2.339e-001 2.892e-001 1.128e-001 4.530e-002 6.463e-001 1.200e-001 -1.882e-003 -1.426e-002 6.459e-004 4.343e-002 0.000e+000 2.430e-001
1.506e+000  -8.333e+001 -8.22e+001 0.000e+000 4.067e-002 6.436e-001 2.339e-001 2.891e-001 1.128e-001 4.530e-002 6.463e-001 1.200e-001 -1.882e-003 -1.426e-002 6.446e-004 4.343e-002 0.000e+000 2.430e-001
1.512e+000  -8.333e+001 -8.22e+001 0.000e+000 4.067e-002 6.437e-001 2.339e-001 2.889e-001 1.128e-001 4.530e-002 6.463e-001 1.200e-001 -1.883e-003 -1.426e-002 6.432e-004 4.343e-002 0.000e+000 2.430e-001
1.518e+000  -8.333e+001 -8.22e+001 0.000e+000 4.067e-002 6.439e-001 2.339e-001 2.888e-001 1.128e-001 4.530e-002 6.463e-001 1.200e-001 -1.883e-003 -1.426e-002 6.419e-004 4.343e-002 0.000e+000 2.430e-001
1.524e+000  -8.333e+001 -8.22e+001 0.000e+000 4.067e-002 6.441e-001 2.339e-001 2.886e-001 1.128e-001 4.530e-002 6.463e-001 1.200e-001 -1.884e-003 -1.426e-002 6.406e-004 4.343e-002 0.000e+000 2.430e-001
1.530e+000  -8.333e+001 -8.22e+001 0.000e+000 4.067e-002 6.442e-001 2.339e-001 2.885e-001 1.128e-001 4.530e-002 6.463e-001 1.200e-001 -1.884e-003 -1.426e-002 6.393e-004 4.343e-002 0.000e+000 2.430e-001
1.536e+000  -8.333e+001 -8.22e+001 0.000e+000 4.067e-002 6.444e-001 2.339e-001 2.884e-001 1.128e-001 4.530e-002 6.463e-001 1.200e-001 -1.885e-003 -1.426e-002 6.381e-004 4.343e-002 0.000e+000 2.430e-001
1.542e+000  -8.333e+001 -8.22e+001 0.000e+000 4.067e-002 6.445e-001 2.339e-001 2.882e-001 1.128e-001 4.530e-002 6.463e-001 1.200e-001 -1.885e-003 -1.426e-002 6.368e-004 4.343e-002 0.000e+000 2.430e-001
1.548e+000  -8.333e+001 -8.22e+001 0.000e+000 4.067e-002 6.447e-001 2.339e-001 2.881e-001 1.128e-001 4.530e-002 6.463e-001 1.200e-001 -1.886e-003 -1.426e-002 6.356e-004 4.343e-002 0.000e+000 2.430e-001
1.554e+000  -8.333e+001 -8.22e+001 0.000e+000 4.067e-002 6.448e-001 2.339e-001 2.879e-001 1.128e-001 4.530e-002 6.463e-001 1.200e-001 -1.886e-003 -1.426e-002 6.343e-004 4.343e-002 0.000e+000 2.430e-001
1.560e+000  -8.333e+001 -8.22e+001 0.000e+000 4.067e-002 6.450e-001 2.339e-001 2.878e-001 1.128e-001 4.530e-002 6.462e-001 1.200e-001 -1.887e-003 -1.426e-002 6.331e-004 4.343e-002 0.000e+000 2.430e-001
1.566e+000  -8.333e+001 -8.22e+001 0.000e+000 4.067e-002 6.451e-001 2.339e-001 2.877e-001 1.128e-001 4.530e-002 6.462e-001 1.200e-001 -1.887e-003 -1.426e-002 6.319e-004 4.343e-002 0.000e+000 2.430e-001
1.572e+000  -8.333e+001 -8.22e+001 0.000e+000 4.067e-002 6.453e-001 2.339e-001 2.875e-001 1.128e-001 4.530e-002 6.462e-001 1.200e-001 -1.887e-003 -1.426e-002 6.308e-004 4.343e-002 0.000e+000 2.430e-001
1.578e+000  -8.333e+001 -8.22e+001 0.000e+000 4.067e-002 6.454e-001 2.339e-001 2.874e-001 1.128e-001 4.530e-002 6.462e-001 1.200e-001 -1.888e-003 -1.426e-002 6.296e-004 4.343e-002 0.000e+000 2.430e-001
1.584e+000  -8.333e+001 -8.22e+001 0.000e+000 4.067e-002 6.456e-001 2.339e-001 2.873e-001 1.128e-001 4.530e-002 6.462e-001 1.200e-001 -1.888e-003 -1.426e-002 6.285e-004 4.343e-002 0.000e+000 2.430e-001
1.590e+000  -8.333e+001 -8.22e+001 0.000e+000 4.067e-002 6.457e-001 2.339e-001 2.871e-001 1.128e-001 4.530e-002 6.462e-001 1.200e-001 -1.889e-003 -1.426e-002 6.273e-004 4.343e-002 0.000e+000 2.430e-001
1.596e+000  -8.333e+001 -8.22e+001 0.000e+000 4.067e-002 6.459e-001 2.339e-001 2.870e-001 1.128e-001 4.529e-002 6.462e-001 1.200e-001 -1.889e-003 -1.426e-002 6.262e-004 4.343e-002 0.000e+000 2.430e-001
1.602e+000  -8.333e+001 -8.22e+001 0.000e+000 4.067e-002 6.460e-001 2.339e-001 2.869e-001 1.128e-001 4.529e-002 6.462e-001 1.200e-001 -1.890e-003 -1.426e-002 6.251e-004 4.343e-002 0.000e+000 2.430e-001
1.608e+000  -8.333e+001 -8.22e+001 0.000e+000 4.067e-002 6.462e-001 2.339e-001 2.868e-001 1.128e-001 4.529e-002 6.462e-001 1.200e-001 -1.890e-003 -1.426e-002 6.240e-004 4.343e-002 0.000e+000 2.430e-001
1.614e+000  -8.333e+001 -8.22e+001 0.000e+000 4.067e-002 6.463e-001 2.339e-001 2.866e-001 1.128e-001 4.529e-002 6.462e-001 1.200e-001 -1.891e-003 -1.426e-002 6.229e-004 4.343e-002 0.000e+000 2.430e-001
1.620e+000  -8.333e+001 -8.22e+001 0.000e+000 4.067e-002 6.464e-001 2.339e-001 2.865e-001 1.128e-001 4.529e-002 6.462e-001 1.200e-001 -1.891e-003 -1.427e-002 6.219e-004 4.343e-002 0.000e+000 2.430e-001
1.626e+000  -8.333e+001 -8.22e+001 0.000e+000 4.067e-002 6.466e-001 2.339e-001 2.864e-001 1.128e-001 4.529e-002 6.461e-001 1.200e-001 -1.891e-003 -1.427e-002 6.208e-004 4.343e-002 0.000e+000 2.430e-001
1.632e+000  -8.333e+001 -8.22e+001 0.000e+000 4.067e-002 6.467e-001 2.339e-001 2.863e-001 1.128e-001 4.529e-002 6.461e-001 1.200e-001 -1.892e-003 -1.427e-002 6.198e-004 4.343e-002 0.000e+000 2.430e-001
1.638e+000  -8.333e+001 -8.22e+001 0.000e+000 4.067e-002 6.469e-001 2.339e-001 2.862e-001 1.128e-001 4.529e-002 6.461e-001 1.200e-001 -1.892e-003 -1.427e-002 6.187e-004 4.343e-002 0.000e+000 2.430e-001
1.644e+000  -8.333e+001 -8.22e+001 0.000e+000 4.067e-002 6.470e-001 2.339e-001 2.860e-001 1.128e-001 4.529e-002 6.461e-001 1.200e-001 -1.893e-003 -1.427e-002 6.177e-004 4.343e-002 0.000e+000 2.430e-001
1.650e+000  -8.333e+001 -8.22e+001 0.000e+000 4.067e-002 6.472e-001 2.339e-001 2.859e-001 1.128e-001 4.529e-002 6.461e-001 1.200e-001 -1.893e-003 -1.427e-002 6.167e-004 4.343e-002 0.000e+000 2.430e-001
1.656e+000  -8.333e+001 -8.22e+001 0.000e+000 4.067e-002 6.473e-001 2.339e-001 2.858e-001 1.128e-001 4.529e-002 6.461e-001 1.200e-001 -1.893e-003 -1.427e-002 6.157e-004 4.343e-002 0.000e+000 2.430e-001
1.662e+000  -8.333e+001 -8.22e+001 0.000e+000 4.067e-002 6.474e-001 2.339e-001 2.857e-001 1.128e-001 4.529e-002 6.461e-001 1.200e-001 -1.894e-003 -1.427e-002 6.148e-004 4.343e-002 0.000e+000 2.430e-001
1.668e+000  -8.333e+001 -8.22e+001 0.000e+000 4.067e-002 6.476e-001 2.339e-001 2.856e-001 1.127e-001 4.529e-002 6.461e-001 1.200e-001 -1.894e-003 -1.427e-002 6.138e-004 4.343e-002 0.000e+000 2.430e-001
1.674e+000  -8.333e+001 -8.22e+001 0.000e+000 4.067e-002 6.477e-001 2.339e-001 2.855e-001 1.127e-001 4.529e-002 6.461e-001 1.200e-001 -1.895e-003 -1.427e-002 6.128e-004 4.343e-002 0.000e+000 2.430e-001
1.680e+000  -8.333e+001 -8.22e+001 0.000e+000 4.067e-002 6.478e-001 2.339e-001 2.854e-001 1.127e-001 4.529e-002 6.461e-001 1.200e-001 -1.895e-003 -1.427e-002 6.119e-004 4.343e-002 0.000e+000 2.430e-001
1.686e+000  -8.333e+001 -8.22e+001 0.000e+000 4.067e-002 6.480e-001 2.339e-001 2.853e-001 1.127e-001 4.529e-002 6.461e-001 1.200e-001 -1.896e-003 -1.427e-002 6.110e-004 4.343e-002 0.000e+000 2.430e-001
1.692e+000  -8.333e+001 -8.22e+001 0.000e+000 4.067e-002 6.481e-001 2.339e-001 2.851e-001 1.127e-001 4.529e-002 6.460e-001 1.200e-001 -1.896e-003 -1.427e-002 6.100e-004 4.343e-002 0.000e+000 2.430e-001
1.698e+000  -8.333e+001 -8.22e+001 0.000e+000 4.067e-002 6.483e-001 2.339e-001 2.850e-001 1.127e-001 4.529e-002 6.460e-001 1.200e-001 -1.896e-003 -1.427e-002 6.091e-004 4.343e-002 0.000e+000 2.430e-001
1.704e+000  -8.333e+001 -8.22e+001 0.000e+000 4.067e-002 6.484e-001 2.339e-001 2.849e-001 1.127e-001 4.529e-002 6.460e-001 1.200e-001 -1.897e-003 -1.427e-002 6.082e-004 4.343e-002 0.000e+000 2.430e-001
1.710e+000  -8.333e+001 -8.22e+001 0.000e+000 4.067e-002 6.485e-001 2.339e-001 2.848e-001 1.127e-001 4.529e-002 6.460e-001 1.200e-001 -1.897e-003 -1.427e-002 6.073e-004 4.343e-002 0.000e+000 2.430e-001
1.716e+000  -8.333e+001 -8.22e+001 0.000e+000 4.067e-002 6.487e-001 2.339e-001 2.847e-001 1.127e-001 4.529e-002 6.460e-001 1.200e-001 -1.898e-003 -1.427e-002 6.065e-004 4.343e-002 0.000e+000 2.430e-001
1.722e+000  -8.333e+001 -8.22e+001 0.000e+000 4.067e-002 6.488e-001 2.339e-001 2.846e-001 1.127e-001 4.529e-002 6.460e-001 1.200e-001 -1.898e-003 -1.427e-002 6.056e-004 4.343e-002 0.000e+000 2.430e-001
1.728e+000  -8.333e+001 -8.22e+001 0.000e+000 4.067e-002 6.489e-001 2.339e-001 2.845e-001 1.127e-001 4.529e-002 6.460e-001 1.200e-001 -1.898e-003 -1.427e-002 6.048e-004 4.343e-002 0.000e+000 2.430e-001
1.734e+000  -8.333e+001 -8.22e+001 0.000e+000 4.067e-002 6.491e-001 2.339e-001 2.844e-001 1.127e-001 4.529e-002 6.460e-001 1.200e-001 -1.899e-003 -1.427e-002 6.039e-004 4.343e-002 0.000e+000 2.430e-001
1.740e+000  -8.333e+001 -8.22e+001 0.000e+000 4.067e-002 6.492e-001 2.339e-001 2.843e-001 1.127e-001 4.529e-002 6.460e-001 1.200e-001 -1.899e-003 -1.427e-002 6.031e-004 4.343e-002 0.000e+000 2.430e-001
1.746e+000  -8.333e+001 -8.22e+001 0.000e+000 4.067e-002 6.493e-001 2.339e-001 2.842e-001 1.127e-001 4.529e-002 6.460e-001 1.200e-001 -1.899e-003 -1.427e-002 6.023e-004 4.343e-002 0.000e+000 2.430e-001
1.752e+000  -8.333e+001 -8.22e+001 0.000e+000 4.067e-002 6.495e-001 2.339e-001 2.841e-001 1.127e-001 4.529e-002 6.460e-001 1.200e-001 -1.900e-003 -1.427e-002 6.014e-004 4.343e-002 0.000e+000 2.430e-001
1.758e+000  -8.333e+001 -8.22e+001 0.000e+000 4.067e-002 6.496e-001 2.339e-001 2.840e-001 1.127e-001 4.529e-002 6.460e-001 1.200e-001 -1.900e-003 -1.427e-002 6.006e-004 4.343e-002 0.000e+000 2.430e-001
1.764e+000  -8.333e+001 -8.22e+001 0.000e+000 4.067e-002 6.497e-001 2.339e-001 2.839e-001 1.127e-001 4.529e-002 6.459e-001 1.200e-001 -1.901e-003 -1.427e-002 5.998e-004 4.342e-002 0.000e+000 2.430e-001
1.770e+000  -8.333e+001 -8.22e+001 0.000e+000 4.067e-002 6.498e-001 2.339e-001 2.839e-001 1.127e-001 4.529e-002 6.459e-001 1.200e-001 -1.901e-003 -1.427e-002 5.991e-004 4.342e-002 0.000e+000 2.430e-001
1.776e+000  -8.333e+001 -8.22e+001 0.000e+000 4.067e-002 6.500e-001 2.339e-001 2.838e-001 1.127e-001 4.529e-002 6.459e-001 1.200e-001 -1.901e-003 -1.427e-002 5.983e-004 4.342e-002 0.000e+000 2.430e-001
1.782e+000  -8.333e+001 -8.22e+001 0.000e+000 4.067e-002 6.501e-001 2.339e-001 2.837e-001 1.127e-001 4.529e-002 6.459e-001 1.200e-001 -1.902e-003 -1.427e-002 5.975e-004 4.342e-002 0.000e+000 2.430e-001
1.788e+000  -8.333e+001 -8.22e+001 0.000e+000 4.067e-002 6.502e-001 2.339e-001 2.836e-001 1.127e-001 4.529e-002 6.459e-001 1.200e-001 -1.902e-003 -1.427e-002 5.968e-004 4.342e-002 0.000e+000 2.430e-001
1.794e+000  -8.333e+001 -8.22e+001 0.000e+000 4.067e-002 6.504e-001 2.339e-001 2.835e-001 1.127e-001 4.529e-002 6.459e-001 1.200e-001 -1.902e-003 -1.427e-002 5.960e-004 4.342e-002 0.000e+000 2.430e-001
1.800e+000  -8.333e+001 -8.22e+001 0.000e+000 4.067e-002 6.505e-001 2.339e-001 2.834e-001 1.127e-001 4.529e-002 6.459e-001 1.200e-001 -1.903e-003 -1.427e-002 5.953e-004 4.342e-002 0.000e+000 2.430e-001
1.806e+000  -8.333e+001 -8.22e+001 0.000e+000 4.067e-002 6.506e-001 2.339e-001 2.833e-001 1.127e-001 4.529e-002 6.459e-001 1.200e-001 -1.903e-003 -1.427e-002 5.945e-004 4.342e-002 0.000e+000 2.430e-001
1.812e+000  -8.333e+001 -8.22e+001 0.000e+000 4.067e-002 6.507e-001 2.339e-001 2.832e-001 1.127e-001 4.529e-002 6.459e-001 1.200e-001 -1.904e-003 -1.427e-002 5.938e-004 4.342e-002 0.000e+000 2.430e-001
1.818e+000  -8.333e+001 -8.22e+001 0.000e+000 4.067e-002 6.509e-001 2.339e-001 2.832e-001 1.127e-001 4.529e-002 6.459e-001 1.200e-001 -1.904e-003 -1.427e-002 5.931e-004 4.342e-002 0.000e+000 2.430e-001
1.824e+000  -8.333e+001 -8.22e+001 0.000e+000 4.067e-002 6.510e-001 2.339e-001 2.831e-001 1.127e-001 4.529e-002 6.459e-001 1.200e-001 -1.904e-003 -1.427e-002 5.924e-004 4.342e-002 0.000e+000 2.430e-001
1.830e+000  -8.333e+001 -8.22e+001 0.000e+000 4.067e-002 6.511e-001 2.339e-001 2.830e-001 1.127e-001 4.528e-002 6.459e-001 1.200e-001 -1.905e-003 -1.427e-002 5.917e-004 4.342e-002 0.000e+000 2.430e-001
1.836e+000  -8.333e+001 -8.22e+001 0.000e+000 4.067e-002 6.512e-001 2.339e-001 2.829e-001 1.127e-001 4.528e-002 6.459e-001 1.200e-001 -1.905e-003 -1.427e-002 5.910e-004 4.342e-002 0.000e+000 2.430e-001
1.842e+000  -8.333e+001 -8.22e+001 0.000e+000 4.067e-002 6.513e-001 2.339e-001 2.828e-001 1.127e-001 4.528e-002 6.458e-001 1.200e-001 -1.905e-003 -1.427e-002 5.903e-004 4.342e-002 0.000e+000 2.430e-001
1.848e+000  -8.333e+001 -8.22e+001 0.000e+000 4.067e-002 6.515e-001 2.339e-001 2.827e-001 1.127e-001 4.528e-002 6.458e-001 1.200e-001 -1.906e-003 -1.427e-002 5.897e-004 4.342e-002 0.000e+000 2.430e-001
1.854e+000  -8.333e+001 -8.22e+001 0.000e+000 4.067e-002 6.516e-001 2.339e-001 2.827e-001 1.127e-001 4.528e-002 6.458e-001 1.200e-001 -1.906e-003 -1.427e-002 5.890e-004 4.342e-002 0.000e+000 2.430e-001
1.860e+000  -8.333e+001 -8.22e+001 0.000e+000 4.067e-002 6.517e-001 2.339e-001 2.826e-001 1.127e-001 4.528e-002 6.458e-001 1.200e-001 -1.906e-003 -1.427e-002 5.883e-004 4.342e-002 0.000e+000 2.430e-001
1.866e+000  -8.333e+001 -8.22e+001 0.000e+000 4.067e-002 6.518e-001 2.339e-001 2.825e-001 1.127e-001 4.528e-002 6.458e-001 1.200e-001 -1.907e-003 -1.427e-002 5.877e-004 4.342e-002 0.000e+000 2.430e-001
1.872e+000  -8.333e+001 -8.22e+001 0.000e+000 4.067e-002 6.519e-001 2.339e-001 2.824e-001 1.127e-001 4.528e-002 6.458e-001 1.200e-001 -1.907e-003 -1.427e-002 5.871e-004 4.342e-002 0.000e+000 2.431e-001
1.878e+000  -8.333e+001 -8.22e+001 0.000e+000 4.067e-002 6.521e-001 2.339e-001 2.824e-001 1.127e-001 4.528e-002 6.458e-001 1.200e-001 -1.907e-003 -1.427e-002 5.864e-004 4.342e-002 0.000e+000 2.431e-001
1.884e+000  -8.333e+001 -8.22e+001 0.000e+000 4.067e-002 6.522e-001 2.339e-001 2.823e-001 1.127e-001 4.528e-002 6.458e-001 1.200e-001 -1.908e-003 -1.427e-002 5.858e-004 4.342e-002 0.000e+000 2.431e-001
1.890e+000  -8.333e+001 -8.22e+001 0.000e+000 4.067e-002 6.523e-001 2.339e-001 2.822e-001 1.127e-001 4.528e-002 6.458e-001 1.200e-001 -1.908e-003 -1.427e-002 5.852e-004 4.342e-002 0.000e+000 2.431e-001
1.896e+000  -8.333e+001 -8.22e+001 0.000e+000 4.067e-002 6.524e-001 2.339e-001 2.821e-001 1.127e-001 4.528e-002 6.458e-001 1.200e-001 -1.909e-003 -1.427e-002 5.846e-004 4.342e-002 0.000e+000 2.431e-001
1.902e+000  -8.333e+001 -8.22e+001 0.000e+000 4.067e-002 6.525e-001 2.339e-001 2.821e-001 1.127e-001 4.528e-002 6.458e-001 1.200e-001 -1.909e-003 -1.427e-002 5.840e-004 4.342e-002 0.000e+000 2.431e-001
1.908e+000  -8.333e+001 -8.22e+001 0.000e+000 4.067e-002 6.527e-001 2.339e-001 2.820e-001 1.127e-001 4.528e-002 6.458e-001 1.200e-001 -1.909e-003 -1.427e-002 5.834e-004 4.342e-002 0.000e+000 2.431e-001
1.914e+000  -8.333e+001 -8.22e+001 0.000e+000 4.067e-002 6.528e-001 2.339e-001 2.819e-001 1.127e-001 4.528e-002 6.458e-001 1.200e-001 -1.910e-003 -1.427e-002 5.828e-004 4.342e-002 0.000e+000 2.431e-001
1.920e+000  -8.333e+001 -8.22e+001 0.000e+000 4.067e-002 6.529e-001 2.339e-001 2.818e-001 1.127e-001 4.528e-002 6.458e-001 1.200e-001 -1.910e-003 -1.427e-002 5.822e-004 4.342e-002 0.000e+000 2.431e-001
1.926e+000  -8.333e+001 -8.22e+001 0.000e+000 4.067e-002 6.530e-001 2.339e-001 2.818e-001 1.127e-001 4.528e-002 6.457e-001 1.200e-001 -1.910e-003 -1.427e-002 5.816e-004 4.342e-002 0.000e+000 2.431e-001
1.932e+000  -8.333e+001 -8.22e+001 0.000e+000 4.067e-002 6.531e-001 2.339e-001 2.817e-001 1.127e-001 4.528e-002 6.457e-001 1.200e-001 -1.911e-003 -1.427e-002 5.811e-004 4.342e-002 0.000e+000 2.431e-001
1.938e+000  -8.333e+001 -8.22e+001 0.000e+000 4.067e-002 6.532e-001 2.339e-001 2.816e-001 1.127e-001 4.528e-002 6.457e-001 1.200e-001 -1.911e-003 -1.427e-002 5.805e-004 4.342e-002 0.000e+000 2.431e-001
1.944e+000  -8.333e+001 -8.22e+001 0.000e+000 4.067e-002 6.533e-001 2.339e-001 2.816e-001 1.127e-001 4.528e-002 6.457e-001 1.200e-001 -1.911e-003 -1.427e-002 5.799e-004 4.342e-002 0.000e+000 2.431e-001
1.950e+000  -8.333e+001 -8.22e+001 0.000e+000 4.067e-002 6.535e-001 2.339e-001 2.815e-001 1.127e-001 4.528e-002 6.457e-001 1.200e-001 -1.911e-003 -1.427e-002 5.794e-004 4.342e-002 0.000e+000 2.431e-001
1.956e+000  -8.333e+001 -8.22e+001 0.000e+000 4.067e-002 6.536e-001 2.339e-001 2.814e-001 1.127e-001 4.528e-002 6.457e-001 1.200e-001 -1.912e-003 -1.427e-002 5.788e-004 4.342e-002 0.000e+000 2.431e-001
1.962e+000  -8.333e+001 -8.22e+001 0.000e+000 4.067e-002 6.537e-001 2.339e-001 2.814e-001 1.127e-001 4.528e-002 6.457e-001 1.200e-001 -1.912e-003 -1.427e-002 5.783e-004 4.342e-002 0.000e+000 2.431e-001
1.968e+000  -8.333e+001 -8.22e+001 0.000e+000 4.067e-002 6.538e-001 2.339e-001 2.813e-001 1.127e-001 4.528e-002 6.457e-001 1.200e-001 -1.912e-003 -1.427e-002 5.778e-004 4.342e-002 0.000e+000 2.431e-001
1.974e+000  -8.333e+001 -8.22e+001 0.000e+000 4.067e-002 6.539e-001 2.339e-001 2.812e-001 1.127e-001 4.528e-002 6.457e-001 1.200e-001 -1.913e-003 -1.427e-002 5.773e-004 4.342e-002 0.000e+000 2.431e-001
1.980e+000  -8.333e+001 -8.22e+001 0.000e+000 4.067e-002 6.540e-001 2.339e-001 2.812e-001 1.127e-001 4.528e-002 6.457e-001 1.200e-001 -1.913e-003 -1.427e-002 5.767e-004 4.342e-002 0.000e+000 2.431e-001
1.986e+000  -8.333e+001 -8.22e+001 0.000e+000 4.067e-002 6.541e-001 2.339e-001 2.811e-001 1.127e-001 4.528e-002 6.457e-001 1.200e-001 -1.913e-003 -1.427e-002 5.762e-004 4.342e-002 0.000e+000 2.431e-001
1.992e+000  -8.333e+001 -8.22e+001 0.000e+000 4.067e-002 6.542e-001 2.339e-001 2.811e-001 1.127e-001 4.528e-002 6.457e-001 1.200e-001 -1.914e-003 -1.427e-002 5.757e-004 4.342e-002 0.000e+000 2.431e-001
1.998e+000  -8.333e+001 -8.22e+001 0.000e+000 4.067e-002 6.543e-001 2.339e-001 2.810e-001 1.127e-001 4.528e-002 6.457e-001 1.200e-001 -1.914e-003 -1.427e-002 5.752e-004 4.342e-002 0.000e+000 2.431e-001
2.000e+000  -8.333e+001 -8.22e+001 0.000e+000 4.067e-002 6.543e-001 2.339e-001 2.810e-001 1.127e-001 4.528e-002 6.457e-001 1.200e-001 -1.914e-003 -1.427e-002 5.752e-004 4.342e-002 0.000e+000 2.431e-001
